mode: atomic
github.com/vitwit/avail-da-module/keys.go:59.59,70.2 8 0
github.com/vitwit/avail-da-module/chainclient/broadcast_tx.go:18.39,20.16 2 0
github.com/vitwit/avail-da-module/chainclient/broadcast_tx.go:20.16,22.3 1 0
github.com/vitwit/avail-da-module/chainclient/broadcast_tx.go:24.2,25.23 2 0
github.com/vitwit/avail-da-module/chainclient/broadcast_tx.go:28.149,37.16 5 0
github.com/vitwit/avail-da-module/chainclient/broadcast_tx.go:37.16,39.3 1 0
github.com/vitwit/avail-da-module/chainclient/broadcast_tx.go:41.2,42.16 2 0
github.com/vitwit/avail-da-module/chainclient/broadcast_tx.go:42.16,44.3 1 0
github.com/vitwit/avail-da-module/chainclient/broadcast_tx.go:45.2,46.16 2 0
github.com/vitwit/avail-da-module/chainclient/broadcast_tx.go:46.16,48.3 1 0
github.com/vitwit/avail-da-module/chainclient/broadcast_tx.go:51.2,52.16 2 0
github.com/vitwit/avail-da-module/chainclient/broadcast_tx.go:52.16,54.3 1 0
github.com/vitwit/avail-da-module/chainclient/broadcast_tx.go:57.2,66.16 6 0
github.com/vitwit/avail-da-module/chainclient/broadcast_tx.go:66.16,68.3 1 0
github.com/vitwit/avail-da-module/chainclient/broadcast_tx.go:71.2,80.89 3 0
github.com/vitwit/avail-da-module/chainclient/broadcast_tx.go:80.89,82.3 1 0
github.com/vitwit/avail-da-module/chainclient/broadcast_tx.go:84.2,84.12 1 0
github.com/vitwit/avail-da-module/chainclient/create_client.go:32.18,49.2 3 0
github.com/vitwit/avail-da-module/chainclient/create_client.go:52.54,61.2 1 0
github.com/vitwit/avail-da-module/chainclient/create_client.go:64.74,85.2 11 0
github.com/vitwit/avail-da-module/chainclient/create_client.go:97.98,99.16 2 0
github.com/vitwit/avail-da-module/chainclient/create_client.go:99.16,101.3 1 0
github.com/vitwit/avail-da-module/chainclient/create_client.go:103.2,103.18 1 0
github.com/vitwit/avail-da-module/chainclient/create_client.go:107.96,108.20 1 0
github.com/vitwit/avail-da-module/chainclient/create_client.go:108.20,110.17 2 0
github.com/vitwit/avail-da-module/chainclient/create_client.go:110.17,112.4 1 0
github.com/vitwit/avail-da-module/chainclient/create_client.go:113.3,114.17 2 0
github.com/vitwit/avail-da-module/chainclient/create_client.go:114.17,116.4 1 0
github.com/vitwit/avail-da-module/chainclient/create_client.go:119.2,121.16 3 0
github.com/vitwit/avail-da-module/chainclient/create_client.go:121.16,123.3 1 0
github.com/vitwit/avail-da-module/chainclient/create_client.go:125.2,134.16 4 0
github.com/vitwit/avail-da-module/chainclient/create_client.go:134.16,136.3 1 0
github.com/vitwit/avail-da-module/chainclient/create_client.go:150.2,150.18 1 0
github.com/vitwit/avail-da-module/module/autocli.go:8.63,13.2 1 0
github.com/vitwit/avail-da-module/module/depinject.go:13.14,18.2 0 0
github.com/vitwit/avail-da-module/module/module.go:39.37,41.2 1 0
github.com/vitwit/avail-da-module/module/module.go:44.72,46.2 1 0
github.com/vitwit/avail-da-module/module/module.go:49.100,50.117 1 0
github.com/vitwit/avail-da-module/module/module.go:50.117,51.13 1 0
github.com/vitwit/avail-da-module/module/module.go:55.52,57.2 1 0
github.com/vitwit/avail-da-module/module/module.go:59.52,61.2 1 0
github.com/vitwit/avail-da-module/module/module.go:63.84,65.2 1 0
github.com/vitwit/avail-da-module/module/module.go:73.69,78.2 1 0
github.com/vitwit/avail-da-module/module/module.go:80.59,82.2 1 0
github.com/vitwit/avail-da-module/module/module.go:85.32,85.63 1 0
github.com/vitwit/avail-da-module/module/module.go:88.67,90.2 1 0
github.com/vitwit/avail-da-module/module/module.go:93.95,94.117 1 0
github.com/vitwit/avail-da-module/module/module.go:94.117,95.13 1 0
github.com/vitwit/avail-da-module/module/module.go:100.47,102.2 1 0
github.com/vitwit/avail-da-module/module/module.go:104.47,106.2 1 0
github.com/vitwit/avail-da-module/module/module.go:109.76,111.2 1 0
github.com/vitwit/avail-da-module/module/module.go:114.44,114.71 1 0
github.com/vitwit/avail-da-module/module/module.go:117.63,126.2 2 0
github.com/vitwit/avail-da-module/module/module.go:129.70,131.2 1 0
github.com/vitwit/avail-da-module/module/module.go:134.108,136.53 2 0
github.com/vitwit/avail-da-module/module/module.go:136.53,138.3 1 0
github.com/vitwit/avail-da-module/module/module.go:140.2,140.24 1 0
github.com/vitwit/avail-da-module/module/module.go:145.116,150.66 4 0
github.com/vitwit/avail-da-module/module/module.go:150.66,151.13 1 0
github.com/vitwit/avail-da-module/module/module.go:154.2,154.12 1 0
github.com/vitwit/avail-da-module/module/module.go:159.89,163.2 2 0
github.com/vitwit/avail-da-module/module/module.go:165.57,167.2 1 0
github.com/vitwit/avail-da-module/module/module.go:170.43,170.44 0 0
github.com/vitwit/avail-da-module/module/module.go:173.36,173.37 0 0
github.com/vitwit/avail-da-module/network/network.go:68.13,70.27 2 0
github.com/vitwit/avail-da-module/network/network.go:70.27,72.17 2 0
github.com/vitwit/avail-da-module/network/network.go:72.17,73.14 1 0
github.com/vitwit/avail-da-module/network/network.go:76.3,77.39 2 0
github.com/vitwit/avail-da-module/network/network.go:80.2,80.35 1 0
github.com/vitwit/avail-da-module/network/network.go:80.35,82.17 2 0
github.com/vitwit/avail-da-module/network/network.go:82.17,83.14 1 0
github.com/vitwit/avail-da-module/network/network.go:134.55,159.2 2 0
github.com/vitwit/avail-da-module/network/network.go:162.42,172.2 1 0
github.com/vitwit/avail-da-module/network/network.go:174.77,193.16 2 0
github.com/vitwit/avail-da-module/network/network.go:193.16,195.3 1 0
github.com/vitwit/avail-da-module/network/network.go:197.2,197.42 1 0
github.com/vitwit/avail-da-module/network/network.go:197.42,199.3 1 0
github.com/vitwit/avail-da-module/network/network.go:200.2,205.68 6 0
github.com/vitwit/avail-da-module/network/network.go:205.68,213.29 2 0
github.com/vitwit/avail-da-module/network/network.go:213.29,214.14 1 0
github.com/vitwit/avail-da-module/network/network.go:216.3,226.40 3 0
github.com/vitwit/avail-da-module/network/network.go:226.40,227.14 1 0
github.com/vitwit/avail-da-module/network/network.go:230.3,230.13 1 0
github.com/vitwit/avail-da-module/network/network.go:233.2,233.17 1 0
github.com/vitwit/avail-da-module/network/network.go:303.45,305.2 1 0
github.com/vitwit/avail-da-module/network/network.go:307.53,309.2 1 0
github.com/vitwit/avail-da-module/network/network.go:311.36,313.2 1 0
github.com/vitwit/avail-da-module/network/network.go:321.45,323.2 1 0
github.com/vitwit/avail-da-module/network/network.go:326.61,328.2 1 0
github.com/vitwit/avail-da-module/network/network.go:331.49,333.2 1 0
github.com/vitwit/avail-da-module/network/network.go:336.66,363.41 10 0
github.com/vitwit/avail-da-module/network/network.go:363.41,382.13 15 0
github.com/vitwit/avail-da-module/network/network.go:382.13,383.28 1 0
github.com/vitwit/avail-da-module/network/network.go:383.28,385.5 1 0
github.com/vitwit/avail-da-module/network/network.go:385.10,386.27 1 0
github.com/vitwit/avail-da-module/network/network.go:386.27,388.6 1 0
github.com/vitwit/avail-da-module/network/network.go:389.5,390.58 2 0
github.com/vitwit/avail-da-module/network/network.go:393.4,395.18 3 0
github.com/vitwit/avail-da-module/network/network.go:395.18,397.5 1 0
github.com/vitwit/avail-da-module/network/network.go:398.4,400.28 2 0
github.com/vitwit/avail-da-module/network/network.go:400.28,402.5 1 0
github.com/vitwit/avail-da-module/network/network.go:402.10,403.27 1 0
github.com/vitwit/avail-da-module/network/network.go:403.27,405.6 1 0
github.com/vitwit/avail-da-module/network/network.go:406.5,407.69 2 0
github.com/vitwit/avail-da-module/network/network.go:410.4,410.29 1 0
github.com/vitwit/avail-da-module/network/network.go:410.29,412.5 1 0
github.com/vitwit/avail-da-module/network/network.go:412.10,413.27 1 0
github.com/vitwit/avail-da-module/network/network.go:413.27,415.6 1 0
github.com/vitwit/avail-da-module/network/network.go:416.5,417.58 2 0
github.com/vitwit/avail-da-module/network/network.go:419.4,420.32 2 0
github.com/vitwit/avail-da-module/network/network.go:423.3,424.24 2 0
github.com/vitwit/avail-da-module/network/network.go:424.24,426.4 1 0
github.com/vitwit/avail-da-module/network/network.go:428.3,436.17 7 0
github.com/vitwit/avail-da-module/network/network.go:436.17,438.4 1 0
github.com/vitwit/avail-da-module/network/network.go:440.3,441.17 2 0
github.com/vitwit/avail-da-module/network/network.go:441.17,443.4 1 0
github.com/vitwit/avail-da-module/network/network.go:445.3,449.25 4 0
github.com/vitwit/avail-da-module/network/network.go:449.25,451.4 1 0
github.com/vitwit/avail-da-module/network/network.go:452.3,456.25 4 0
github.com/vitwit/avail-da-module/network/network.go:456.25,458.4 1 0
github.com/vitwit/avail-da-module/network/network.go:459.3,466.17 7 0
github.com/vitwit/avail-da-module/network/network.go:466.17,468.4 1 0
github.com/vitwit/avail-da-module/network/network.go:470.3,474.17 4 0
github.com/vitwit/avail-da-module/network/network.go:474.17,476.4 1 0
github.com/vitwit/avail-da-module/network/network.go:478.3,480.17 3 0
github.com/vitwit/avail-da-module/network/network.go:480.17,482.4 1 0
github.com/vitwit/avail-da-module/network/network.go:484.3,485.29 2 0
github.com/vitwit/avail-da-module/network/network.go:485.29,487.4 1 0
github.com/vitwit/avail-da-module/network/network.go:489.3,490.17 2 0
github.com/vitwit/avail-da-module/network/network.go:490.17,492.4 1 0
github.com/vitwit/avail-da-module/network/network.go:496.3,496.34 1 0
github.com/vitwit/avail-da-module/network/network.go:496.34,498.4 1 0
github.com/vitwit/avail-da-module/network/network.go:500.3,502.17 3 0
github.com/vitwit/avail-da-module/network/network.go:502.17,504.4 1 0
github.com/vitwit/avail-da-module/network/network.go:507.3,508.17 2 0
github.com/vitwit/avail-da-module/network/network.go:508.17,510.4 1 0
github.com/vitwit/avail-da-module/network/network.go:512.3,522.17 6 0
github.com/vitwit/avail-da-module/network/network.go:522.17,524.4 1 0
github.com/vitwit/avail-da-module/network/network.go:526.3,534.17 2 0
github.com/vitwit/avail-da-module/network/network.go:534.17,536.4 1 0
github.com/vitwit/avail-da-module/network/network.go:538.3,539.17 2 0
github.com/vitwit/avail-da-module/network/network.go:539.17,541.4 1 0
github.com/vitwit/avail-da-module/network/network.go:543.3,547.17 5 0
github.com/vitwit/avail-da-module/network/network.go:547.17,549.4 1 0
github.com/vitwit/avail-da-module/network/network.go:550.3,562.17 7 0
github.com/vitwit/avail-da-module/network/network.go:562.17,564.4 1 0
github.com/vitwit/avail-da-module/network/network.go:566.3,567.17 2 0
github.com/vitwit/avail-da-module/network/network.go:567.17,569.4 1 0
github.com/vitwit/avail-da-module/network/network.go:570.3,571.17 2 0
github.com/vitwit/avail-da-module/network/network.go:571.17,573.4 1 0
github.com/vitwit/avail-da-module/network/network.go:574.3,604.4 4 0
github.com/vitwit/avail-da-module/network/network.go:607.2,608.16 2 0
github.com/vitwit/avail-da-module/network/network.go:608.16,610.3 1 0
github.com/vitwit/avail-da-module/network/network.go:611.2,612.16 2 0
github.com/vitwit/avail-da-module/network/network.go:612.16,614.3 1 0
github.com/vitwit/avail-da-module/network/network.go:616.2,617.41 2 0
github.com/vitwit/avail-da-module/network/network.go:617.41,618.48 1 0
github.com/vitwit/avail-da-module/network/network.go:618.48,620.4 1 0
github.com/vitwit/avail-da-module/network/network.go:621.3,621.34 1 0
github.com/vitwit/avail-da-module/network/network.go:624.2,625.16 2 0
github.com/vitwit/avail-da-module/network/network.go:625.16,627.3 1 0
github.com/vitwit/avail-da-module/network/network.go:629.2,635.21 3 0
github.com/vitwit/avail-da-module/network/network.go:639.37,643.12 3 0
github.com/vitwit/avail-da-module/network/network.go:643.12,646.25 2 0
github.com/vitwit/avail-da-module/network/network.go:646.25,648.4 1 0
github.com/vitwit/avail-da-module/network/network.go:649.3,651.14 2 0
github.com/vitwit/avail-da-module/network/network.go:652.23,653.35 1 0
github.com/vitwit/avail-da-module/network/network.go:654.24,655.36 1 0
github.com/vitwit/avail-da-module/network/network.go:658.3,658.20 1 0
github.com/vitwit/avail-da-module/network/network.go:664.49,665.28 1 0
github.com/vitwit/avail-da-module/network/network.go:665.28,667.3 1 0
github.com/vitwit/avail-da-module/network/network.go:669.2,679.6 8 0
github.com/vitwit/avail-da-module/network/network.go:679.6,680.10 1 0
github.com/vitwit/avail-da-module/network/network.go:681.20,682.73 1 0
github.com/vitwit/avail-da-module/network/network.go:683.19,685.14 2 0
github.com/vitwit/avail-da-module/network/network.go:685.14,687.33 2 0
github.com/vitwit/avail-da-module/network/network.go:687.33,689.6 1 0
github.com/vitwit/avail-da-module/network/network.go:690.5,690.23 1 0
github.com/vitwit/avail-da-module/network/network.go:692.4,692.11 1 0
github.com/vitwit/avail-da-module/network/network.go:693.21,694.74 1 0
github.com/vitwit/avail-da-module/network/network.go:695.16,696.26 1 0
github.com/vitwit/avail-da-module/network/network.go:696.26,698.6 1 0
github.com/vitwit/avail-da-module/network/network.go:707.57,709.2 1 0
github.com/vitwit/avail-da-module/network/network.go:713.85,720.28 5 0
github.com/vitwit/avail-da-module/network/network.go:720.28,722.3 1 0
github.com/vitwit/avail-da-module/network/network.go:724.2,728.6 4 0
github.com/vitwit/avail-da-module/network/network.go:728.6,729.10 1 0
github.com/vitwit/avail-da-module/network/network.go:730.20,731.73 1 0
github.com/vitwit/avail-da-module/network/network.go:732.19,735.32 2 0
github.com/vitwit/avail-da-module/network/network.go:735.32,737.26 2 0
github.com/vitwit/avail-da-module/network/network.go:737.26,739.6 1 0
github.com/vitwit/avail-da-module/network/network.go:748.76,749.30 1 0
github.com/vitwit/avail-da-module/network/network.go:749.30,752.17 3 0
github.com/vitwit/avail-da-module/network/network.go:752.17,754.4 1 0
github.com/vitwit/avail-da-module/network/network.go:756.3,756.20 1 0
github.com/vitwit/avail-da-module/network/network.go:756.20,758.4 1 0
github.com/vitwit/avail-da-module/network/network.go:760.2,760.12 1 0
github.com/vitwit/avail-da-module/network/network.go:765.44,767.16 2 0
github.com/vitwit/avail-da-module/network/network.go:767.16,769.3 1 0
github.com/vitwit/avail-da-module/network/network.go:771.2,772.16 2 0
github.com/vitwit/avail-da-module/network/network.go:772.16,774.3 1 0
github.com/vitwit/avail-da-module/network/network.go:776.2,776.12 1 0
github.com/vitwit/avail-da-module/network/network.go:783.29,784.15 1 0
github.com/vitwit/avail-da-module/network/network.go:784.15,787.3 2 0
github.com/vitwit/avail-da-module/network/network.go:789.2,791.33 2 0
github.com/vitwit/avail-da-module/network/network.go:791.33,796.43 2 0
github.com/vitwit/avail-da-module/network/network.go:796.43,798.4 1 0
github.com/vitwit/avail-da-module/network/network.go:800.3,800.46 1 0
github.com/vitwit/avail-da-module/network/network.go:800.46,801.42 1 0
github.com/vitwit/avail-da-module/network/network.go:801.42,803.5 1 0
github.com/vitwit/avail-da-module/network/network.go:806.3,806.23 1 0
github.com/vitwit/avail-da-module/network/network.go:806.23,808.4 1 0
github.com/vitwit/avail-da-module/network/network.go:810.3,810.19 1 0
github.com/vitwit/avail-da-module/network/network.go:810.19,811.40 1 0
github.com/vitwit/avail-da-module/network/network.go:811.40,813.5 1 0
github.com/vitwit/avail-da-module/network/network.go:817.2,819.25 2 0
github.com/vitwit/avail-da-module/network/network.go:819.25,821.3 1 0
github.com/vitwit/avail-da-module/network/network.go:823.2,823.51 1 0
github.com/vitwit/avail-da-module/network/network.go:828.45,839.29 3 0
github.com/vitwit/avail-da-module/network/network.go:839.29,841.3 1 0
github.com/vitwit/avail-da-module/network/network.go:843.2,844.38 2 0
github.com/vitwit/avail-da-module/network/network.go:844.38,845.30 1 0
github.com/vitwit/avail-da-module/network/network.go:845.30,847.4 1 0
github.com/vitwit/avail-da-module/network/network.go:850.2,852.29 3 0
github.com/vitwit/avail-da-module/network/network.go:852.29,854.3 1 0
github.com/vitwit/avail-da-module/network/network.go:855.2,856.13 2 0
github.com/vitwit/avail-da-module/network/network.go:860.48,866.2 4 0
github.com/vitwit/avail-da-module/network/util.go:33.55,38.54 4 0
github.com/vitwit/avail-da-module/network/util.go:38.54,40.3 1 0
github.com/vitwit/avail-da-module/network/util.go:42.2,43.16 2 0
github.com/vitwit/avail-da-module/network/util.go:43.16,45.3 1 0
github.com/vitwit/avail-da-module/network/util.go:47.2,50.61 3 0
github.com/vitwit/avail-da-module/network/util.go:50.61,52.17 2 0
github.com/vitwit/avail-da-module/network/util.go:52.17,54.4 1 0
github.com/vitwit/avail-da-module/network/util.go:56.3,56.35 1 0
github.com/vitwit/avail-da-module/network/util.go:59.2,70.16 3 0
github.com/vitwit/avail-da-module/network/util.go:70.16,72.3 1 0
github.com/vitwit/avail-da-module/network/util.go:74.2,74.39 1 0
github.com/vitwit/avail-da-module/network/util.go:74.39,76.3 1 0
github.com/vitwit/avail-da-module/network/util.go:77.2,79.26 2 0
github.com/vitwit/avail-da-module/network/util.go:79.26,81.3 1 0
github.com/vitwit/avail-da-module/network/util.go:84.2,84.55 1 0
github.com/vitwit/avail-da-module/network/util.go:84.55,91.3 4 0
github.com/vitwit/avail-da-module/network/util.go:93.2,99.20 5 0
github.com/vitwit/avail-da-module/network/util.go:99.20,101.17 2 0
github.com/vitwit/avail-da-module/network/util.go:101.17,103.4 1 0
github.com/vitwit/avail-da-module/network/util.go:107.3,107.32 1 0
github.com/vitwit/avail-da-module/network/util.go:107.32,109.4 1 0
github.com/vitwit/avail-da-module/network/util.go:111.3,111.21 1 0
github.com/vitwit/avail-da-module/network/util.go:114.2,114.26 1 0
github.com/vitwit/avail-da-module/network/util.go:114.26,118.32 3 0
github.com/vitwit/avail-da-module/network/util.go:118.32,120.4 1 0
github.com/vitwit/avail-da-module/network/util.go:122.3,122.19 1 0
github.com/vitwit/avail-da-module/network/util.go:125.2,125.12 1 0
github.com/vitwit/avail-da-module/network/util.go:128.77,131.41 2 0
github.com/vitwit/avail-da-module/network/util.go:131.41,144.17 9 0
github.com/vitwit/avail-da-module/network/util.go:144.17,146.4 1 0
github.com/vitwit/avail-da-module/network/util.go:148.3,150.17 2 0
github.com/vitwit/avail-da-module/network/util.go:150.17,152.4 1 0
github.com/vitwit/avail-da-module/network/util.go:155.3,155.105 1 0
github.com/vitwit/avail-da-module/network/util.go:155.105,157.4 1 0
github.com/vitwit/avail-da-module/network/util.go:160.2,160.12 1 0
github.com/vitwit/avail-da-module/network/util.go:163.129,169.16 4 0
github.com/vitwit/avail-da-module/network/util.go:169.16,171.3 1 0
github.com/vitwit/avail-da-module/network/util.go:173.2,184.16 8 0
github.com/vitwit/avail-da-module/network/util.go:184.16,186.3 1 0
github.com/vitwit/avail-da-module/network/util.go:188.2,197.41 2 0
github.com/vitwit/avail-da-module/network/util.go:197.41,198.56 1 0
github.com/vitwit/avail-da-module/network/util.go:198.56,200.4 1 0
github.com/vitwit/avail-da-module/network/util.go:203.2,203.12 1 0
github.com/vitwit/avail-da-module/network/util.go:206.57,209.48 2 0
github.com/vitwit/avail-da-module/network/util.go:209.48,211.3 1 0
github.com/vitwit/avail-da-module/network/util.go:213.2,213.60 1 0
github.com/vitwit/avail-da-module/network/util.go:213.60,215.3 1 0
github.com/vitwit/avail-da-module/network/util.go:217.2,217.12 1 0
github.com/vitwit/avail-da-module/network/util.go:222.73,224.16 2 0
github.com/vitwit/avail-da-module/network/util.go:224.16,226.3 1 0
github.com/vitwit/avail-da-module/network/util.go:228.2,228.25 1 0
github.com/vitwit/avail-da-module/network/util.go:228.25,230.3 1 0
github.com/vitwit/avail-da-module/network/util.go:232.2,235.8 4 0
github.com/vitwit/avail-da-module/keys.go:59.59,70.2 8 0
github.com/vitwit/avail-da-module/chainclient/broadcast_tx.go:18.39,20.16 2 0
github.com/vitwit/avail-da-module/chainclient/broadcast_tx.go:20.16,22.3 1 0
github.com/vitwit/avail-da-module/chainclient/broadcast_tx.go:24.2,25.23 2 0
github.com/vitwit/avail-da-module/chainclient/broadcast_tx.go:28.149,37.16 5 0
github.com/vitwit/avail-da-module/chainclient/broadcast_tx.go:37.16,39.3 1 0
github.com/vitwit/avail-da-module/chainclient/broadcast_tx.go:41.2,42.16 2 0
github.com/vitwit/avail-da-module/chainclient/broadcast_tx.go:42.16,44.3 1 0
github.com/vitwit/avail-da-module/chainclient/broadcast_tx.go:45.2,46.16 2 0
github.com/vitwit/avail-da-module/chainclient/broadcast_tx.go:46.16,48.3 1 0
github.com/vitwit/avail-da-module/chainclient/broadcast_tx.go:51.2,52.16 2 0
github.com/vitwit/avail-da-module/chainclient/broadcast_tx.go:52.16,54.3 1 0
github.com/vitwit/avail-da-module/chainclient/broadcast_tx.go:57.2,66.16 6 0
github.com/vitwit/avail-da-module/chainclient/broadcast_tx.go:66.16,68.3 1 0
github.com/vitwit/avail-da-module/chainclient/broadcast_tx.go:71.2,80.89 3 0
github.com/vitwit/avail-da-module/chainclient/broadcast_tx.go:80.89,82.3 1 0
github.com/vitwit/avail-da-module/chainclient/broadcast_tx.go:84.2,84.12 1 0
github.com/vitwit/avail-da-module/chainclient/create_client.go:32.18,49.2 3 0
github.com/vitwit/avail-da-module/chainclient/create_client.go:52.54,61.2 1 0
github.com/vitwit/avail-da-module/chainclient/create_client.go:64.74,85.2 11 0
github.com/vitwit/avail-da-module/chainclient/create_client.go:97.98,99.16 2 0
github.com/vitwit/avail-da-module/chainclient/create_client.go:99.16,101.3 1 0
github.com/vitwit/avail-da-module/chainclient/create_client.go:103.2,103.18 1 0
github.com/vitwit/avail-da-module/chainclient/create_client.go:107.96,108.20 1 0
github.com/vitwit/avail-da-module/chainclient/create_client.go:108.20,110.17 2 0
github.com/vitwit/avail-da-module/chainclient/create_client.go:110.17,112.4 1 0
github.com/vitwit/avail-da-module/chainclient/create_client.go:113.3,114.17 2 0
github.com/vitwit/avail-da-module/chainclient/create_client.go:114.17,116.4 1 0
github.com/vitwit/avail-da-module/chainclient/create_client.go:119.2,121.16 3 0
github.com/vitwit/avail-da-module/chainclient/create_client.go:121.16,123.3 1 0
github.com/vitwit/avail-da-module/chainclient/create_client.go:125.2,134.16 4 0
github.com/vitwit/avail-da-module/chainclient/create_client.go:134.16,136.3 1 0
github.com/vitwit/avail-da-module/chainclient/create_client.go:150.2,150.18 1 0
github.com/vitwit/avail-da-module/keeper/abci.go:26.31,33.2 1 14
github.com/vitwit/avail-da-module/keeper/abci.go:35.144,40.16 4 1
github.com/vitwit/avail-da-module/keeper/abci.go:40.16,43.3 2 0
github.com/vitwit/avail-da-module/keeper/abci.go:45.2,50.16 3 1
github.com/vitwit/avail-da-module/keeper/abci.go:50.16,52.3 1 0
github.com/vitwit/avail-da-module/keeper/abci.go:54.2,57.8 2 1
github.com/vitwit/avail-da-module/keeper/abci.go:60.142,61.23 1 2
github.com/vitwit/avail-da-module/keeper/abci.go:61.23,63.3 1 1
github.com/vitwit/avail-da-module/keeper/abci.go:65.2,66.71 2 1
github.com/vitwit/avail-da-module/keeper/abci.go:66.71,69.3 1 1
github.com/vitwit/avail-da-module/keeper/abci.go:73.2,73.88 1 1
github.com/vitwit/avail-da-module/keeper/abci.go:76.84,81.96 4 3
github.com/vitwit/avail-da-module/keeper/abci.go:81.96,83.72 2 0
github.com/vitwit/avail-da-module/keeper/abci.go:83.72,85.4 1 0
github.com/vitwit/avail-da-module/keeper/abci.go:85.9,94.23 6 0
github.com/vitwit/avail-da-module/keeper/abci.go:94.23,96.5 1 0
github.com/vitwit/avail-da-module/keeper/abci.go:98.4,100.31 3 0
github.com/vitwit/avail-da-module/keeper/abci.go:104.2,105.59 2 3
github.com/vitwit/avail-da-module/keeper/abci.go:105.59,107.3 1 1
github.com/vitwit/avail-da-module/keeper/abci.go:110.2,116.9 6 2
github.com/vitwit/avail-da-module/keeper/abci.go:116.9,118.3 1 0
github.com/vitwit/avail-da-module/keeper/abci.go:120.2,122.42 2 2
github.com/vitwit/avail-da-module/keeper/abci.go:122.42,124.3 1 0
github.com/vitwit/avail-da-module/keeper/abci.go:127.2,127.57 1 2
github.com/vitwit/avail-da-module/keeper/abci.go:127.57,129.3 1 2
github.com/vitwit/avail-da-module/keeper/abci.go:131.2,131.12 1 2
github.com/vitwit/avail-da-module/keeper/abci.go:134.61,135.25 1 3
github.com/vitwit/avail-da-module/keeper/abci.go:135.25,137.3 1 0
github.com/vitwit/avail-da-module/keeper/abci.go:139.2,139.63 1 3
github.com/vitwit/avail-da-module/keeper/abci.go:139.63,141.3 1 1
github.com/vitwit/avail-da-module/keeper/abci.go:143.2,143.13 1 2
github.com/vitwit/avail-da-module/keeper/abci.go:146.124,153.29 5 1
github.com/vitwit/avail-da-module/keeper/abci.go:153.29,156.50 1 0
github.com/vitwit/avail-da-module/keeper/abci.go:156.50,157.12 1 0
github.com/vitwit/avail-da-module/keeper/abci.go:160.3,161.67 2 0
github.com/vitwit/avail-da-module/keeper/abci.go:161.67,163.12 2 0
github.com/vitwit/avail-da-module/keeper/abci.go:166.3,166.27 1 0
github.com/vitwit/avail-da-module/keeper/abci.go:166.27,167.12 1 0
github.com/vitwit/avail-da-module/keeper/abci.go:170.3,170.49 1 0
github.com/vitwit/avail-da-module/keeper/abci.go:170.49,171.48 1 0
github.com/vitwit/avail-da-module/keeper/abci.go:171.48,172.13 1 0
github.com/vitwit/avail-da-module/keeper/abci.go:175.4,175.41 1 0
github.com/vitwit/avail-da-module/keeper/abci.go:179.2,179.19 1 1
github.com/vitwit/avail-da-module/keeper/collections.go:20.97,22.2 1 0
github.com/vitwit/avail-da-module/keeper/collections.go:24.105,26.2 1 0
github.com/vitwit/avail-da-module/keeper/collections.go:28.82,31.16 3 0
github.com/vitwit/avail-da-module/keeper/collections.go:31.16,33.3 1 0
github.com/vitwit/avail-da-module/keeper/collections.go:35.2,37.30 2 0
github.com/vitwit/avail-da-module/keeper/collections.go:37.30,40.17 3 0
github.com/vitwit/avail-da-module/keeper/collections.go:40.17,42.4 1 0
github.com/vitwit/avail-da-module/keeper/collections.go:43.3,44.17 2 0
github.com/vitwit/avail-da-module/keeper/collections.go:44.17,46.4 1 0
github.com/vitwit/avail-da-module/keeper/collections.go:47.3,47.67 1 0
github.com/vitwit/avail-da-module/keeper/collections.go:50.2,50.24 1 0
github.com/vitwit/avail-da-module/keeper/collections.go:53.76,55.2 1 1
github.com/vitwit/avail-da-module/keeper/collections.go:57.71,59.2 1 0
github.com/vitwit/avail-da-module/keeper/collections.go:61.74,63.2 1 0
github.com/vitwit/avail-da-module/keeper/collections.go:65.67,67.2 1 0
github.com/vitwit/avail-da-module/keeper/collections.go:70.77,72.16 2 0
github.com/vitwit/avail-da-module/keeper/collections.go:72.16,74.3 1 0
github.com/vitwit/avail-da-module/keeper/collections.go:75.2,75.14 1 0
github.com/vitwit/avail-da-module/keeper/collections.go:79.106,82.16 3 0
github.com/vitwit/avail-da-module/keeper/collections.go:82.16,84.3 1 0
github.com/vitwit/avail-da-module/keeper/collections.go:85.2,85.11 1 0
github.com/vitwit/avail-da-module/keeper/collections.go:85.11,87.17 2 0
github.com/vitwit/avail-da-module/keeper/collections.go:87.17,89.4 1 0
github.com/vitwit/avail-da-module/keeper/collections.go:90.3,90.39 1 0
github.com/vitwit/avail-da-module/keeper/collections.go:90.39,92.4 1 0
github.com/vitwit/avail-da-module/keeper/collections.go:94.2,94.14 1 0
github.com/vitwit/avail-da-module/keeper/collections.go:98.115,100.16 2 0
github.com/vitwit/avail-da-module/keeper/collections.go:100.16,102.3 1 0
github.com/vitwit/avail-da-module/keeper/collections.go:103.2,103.11 1 0
github.com/vitwit/avail-da-module/keeper/collections.go:103.11,104.64 1 0
github.com/vitwit/avail-da-module/keeper/collections.go:104.64,106.4 1 0
github.com/vitwit/avail-da-module/keeper/collections.go:108.2,109.84 2 0
github.com/vitwit/avail-da-module/keeper/collections.go:109.84,111.3 1 0
github.com/vitwit/avail-da-module/keeper/collections.go:112.2,112.85 1 0
github.com/vitwit/avail-da-module/keeper/collections.go:112.85,114.3 1 0
github.com/vitwit/avail-da-module/keeper/collections.go:115.2,115.12 1 0
github.com/vitwit/avail-da-module/keeper/collections.go:118.100,120.16 2 0
github.com/vitwit/avail-da-module/keeper/collections.go:120.16,122.3 1 0
github.com/vitwit/avail-da-module/keeper/collections.go:123.2,124.11 2 0
github.com/vitwit/avail-da-module/keeper/collections.go:124.11,126.17 2 0
github.com/vitwit/avail-da-module/keeper/collections.go:126.17,128.4 1 0
github.com/vitwit/avail-da-module/keeper/collections.go:130.2,131.85 2 0
github.com/vitwit/avail-da-module/keeper/collections.go:131.85,133.3 1 0
github.com/vitwit/avail-da-module/keeper/collections.go:134.2,134.12 1 0
github.com/vitwit/avail-da-module/keeper/collections.go:139.83,141.16 2 0
github.com/vitwit/avail-da-module/keeper/collections.go:141.16,143.3 1 0
github.com/vitwit/avail-da-module/keeper/collections.go:144.2,144.11 1 0
github.com/vitwit/avail-da-module/keeper/collections.go:144.11,146.17 2 0
github.com/vitwit/avail-da-module/keeper/collections.go:146.17,148.4 1 0
github.com/vitwit/avail-da-module/keeper/collections.go:149.3,149.75 1 0
github.com/vitwit/avail-da-module/keeper/collections.go:149.75,151.4 1 0
github.com/vitwit/avail-da-module/keeper/collections.go:152.3,153.17 2 0
github.com/vitwit/avail-da-module/keeper/collections.go:153.17,155.4 1 0
github.com/vitwit/avail-da-module/keeper/collections.go:156.3,157.58 2 0
github.com/vitwit/avail-da-module/keeper/collections.go:157.58,158.34 1 0
github.com/vitwit/avail-da-module/keeper/collections.go:158.34,160.5 1 0
github.com/vitwit/avail-da-module/keeper/collections.go:162.3,162.32 1 0
github.com/vitwit/avail-da-module/keeper/collections.go:162.32,164.87 2 0
github.com/vitwit/avail-da-module/keeper/collections.go:164.87,166.5 1 0
github.com/vitwit/avail-da-module/keeper/collections.go:167.9,168.75 1 0
github.com/vitwit/avail-da-module/keeper/collections.go:168.75,170.5 1 0
github.com/vitwit/avail-da-module/keeper/collections.go:173.2,173.12 1 0
github.com/vitwit/avail-da-module/keeper/collections.go:177.91,181.16 3 0
github.com/vitwit/avail-da-module/keeper/collections.go:181.16,183.3 1 0
github.com/vitwit/avail-da-module/keeper/collections.go:184.2,187.42 3 0
github.com/vitwit/avail-da-module/keeper/collections.go:187.42,189.17 2 0
github.com/vitwit/avail-da-module/keeper/collections.go:189.17,191.4 1 0
github.com/vitwit/avail-da-module/keeper/collections.go:192.3,192.71 1 0
github.com/vitwit/avail-da-module/keeper/collections.go:194.2,194.22 1 0
github.com/vitwit/avail-da-module/keeper/genesis.go:9.79,10.36 1 0
github.com/vitwit/avail-da-module/keeper/genesis.go:10.36,11.60 1 0
github.com/vitwit/avail-da-module/keeper/genesis.go:11.60,13.4 1 0
github.com/vitwit/avail-da-module/keeper/genesis.go:21.2,26.12 3 0
github.com/vitwit/avail-da-module/keeper/genesis.go:30.69,32.16 2 0
github.com/vitwit/avail-da-module/keeper/genesis.go:32.16,33.13 1 0
github.com/vitwit/avail-da-module/keeper/genesis.go:36.2,37.16 2 0
github.com/vitwit/avail-da-module/keeper/genesis.go:37.16,38.13 1 0
github.com/vitwit/avail-da-module/keeper/genesis.go:41.2,41.16 1 0
github.com/vitwit/avail-da-module/keeper/genesis.go:41.16,42.13 1 0
github.com/vitwit/avail-da-module/keeper/genesis.go:45.2,48.3 1 0
github.com/vitwit/avail-da-module/keeper/genesis.go:52.77,63.2 0 0
github.com/vitwit/avail-da-module/keeper/keeper.go:48.11,66.2 2 14
github.com/vitwit/avail-da-module/keeper/keeper.go:68.49,70.2 1 0
github.com/vitwit/avail-da-module/keeper/keeper.go:72.56,75.2 2 3
github.com/vitwit/avail-da-module/keeper/msg_server.go:19.55,21.2 1 14
github.com/vitwit/avail-da-module/keeper/msg_server.go:23.141,32.79 6 4
github.com/vitwit/avail-da-module/keeper/msg_server.go:32.79,35.3 1 1
github.com/vitwit/avail-da-module/keeper/msg_server.go:37.2,37.28 1 3
github.com/vitwit/avail-da-module/keeper/msg_server.go:37.28,39.3 1 1
github.com/vitwit/avail-da-module/keeper/msg_server.go:41.2,42.20 2 2
github.com/vitwit/avail-da-module/keeper/msg_server.go:42.20,44.3 1 1
github.com/vitwit/avail-da-module/keeper/msg_server.go:44.8,50.3 5 1
github.com/vitwit/avail-da-module/keeper/msg_server.go:52.2,54.50 2 2
github.com/vitwit/avail-da-module/keeper/query_server.go:13.54,15.2 1 14
github.com/vitwit/avail-da-module/keeper/query_server.go:21.155,38.2 9 3
github.com/vitwit/avail-da-module/keeper/snapshotter.go:29.103,34.2 1 0
github.com/vitwit/avail-da-module/keeper/snapshotter.go:38.52,40.2 1 0
github.com/vitwit/avail-da-module/keeper/snapshotter.go:44.54,46.2 1 0
github.com/vitwit/avail-da-module/keeper/snapshotter.go:50.58,52.2 1 0
github.com/vitwit/avail-da-module/keeper/snapshotter.go:56.106,58.16 2 0
github.com/vitwit/avail-da-module/keeper/snapshotter.go:58.16,60.3 1 0
github.com/vitwit/avail-da-module/keeper/snapshotter.go:62.2,65.16 3 0
github.com/vitwit/avail-da-module/keeper/snapshotter.go:65.16,67.3 1 0
github.com/vitwit/avail-da-module/keeper/snapshotter.go:68.2,91.12 2 0
github.com/vitwit/avail-da-module/keeper/snapshotter.go:97.132,98.34 1 0
github.com/vitwit/avail-da-module/keeper/snapshotter.go:98.34,100.3 1 0
github.com/vitwit/avail-da-module/keeper/snapshotter.go:102.2,102.102 1 0
github.com/vitwit/avail-da-module/keeper/snapshotter.go:109.9,110.6 1 0
github.com/vitwit/avail-da-module/keeper/snapshotter.go:110.6,112.20 2 0
github.com/vitwit/avail-da-module/keeper/snapshotter.go:112.20,113.9 1 0
github.com/vitwit/avail-da-module/keeper/snapshotter.go:114.9,114.24 1 0
github.com/vitwit/avail-da-module/keeper/snapshotter.go:114.24,116.4 1 0
github.com/vitwit/avail-da-module/keeper/snapshotter.go:118.3,118.55 1 0
github.com/vitwit/avail-da-module/keeper/snapshotter.go:118.55,120.4 1 0
github.com/vitwit/avail-da-module/keeper/snapshotter.go:123.2,123.12 1 0
github.com/vitwit/avail-da-module/keeper/snapshotter.go:126.52,139.2 1 0
github.com/vitwit/avail-da-module/keeper/status.go:7.92,10.38 2 3
github.com/vitwit/avail-da-module/keeper/status.go:10.38,12.3 1 0
github.com/vitwit/avail-da-module/keeper/status.go:14.2,17.13 4 3
github.com/vitwit/avail-da-module/keeper/status.go:20.69,23.25 2 1
github.com/vitwit/avail-da-module/keeper/status.go:23.25,26.17 3 1
github.com/vitwit/avail-da-module/keeper/status.go:26.17,28.4 1 0
github.com/vitwit/avail-da-module/keeper/status.go:31.2,31.44 1 1
github.com/vitwit/avail-da-module/keeper/store.go:19.40,20.16 1 3
github.com/vitwit/avail-da-module/keeper/store.go:21.18,22.19 1 1
github.com/vitwit/avail-da-module/keeper/store.go:23.20,24.19 1 1
github.com/vitwit/avail-da-module/keeper/store.go:25.21,26.21 1 1
github.com/vitwit/avail-da-module/keeper/store.go:27.20,28.19 1 0
github.com/vitwit/avail-da-module/keeper/store.go:29.10,30.19 1 0
github.com/vitwit/avail-da-module/keeper/store.go:34.63,36.27 2 6
github.com/vitwit/avail-da-module/keeper/store.go:36.27,38.3 1 3
github.com/vitwit/avail-da-module/keeper/store.go:40.2,42.55 2 3
github.com/vitwit/avail-da-module/keeper/store.go:45.59,48.27 2 13
github.com/vitwit/avail-da-module/keeper/store.go:48.27,50.3 1 2
github.com/vitwit/avail-da-module/keeper/store.go:52.2,54.15 2 11
github.com/vitwit/avail-da-module/keeper/store.go:57.86,64.2 4 16
github.com/vitwit/avail-da-module/keeper/store.go:66.92,68.2 1 4
github.com/vitwit/avail-da-module/keeper/store.go:70.88,72.2 1 5
github.com/vitwit/avail-da-module/keeper/store.go:74.94,76.2 1 5
github.com/vitwit/avail-da-module/keeper/store.go:78.92,80.2 1 2
github.com/vitwit/avail-da-module/keeper/store.go:82.119,84.18 2 6
github.com/vitwit/avail-da-module/keeper/store.go:84.18,86.3 1 5
github.com/vitwit/avail-da-module/keeper/store.go:87.2,87.50 1 6
github.com/vitwit/avail-da-module/keeper/store.go:90.91,97.2 4 22
github.com/vitwit/avail-da-module/keeper/store.go:99.67,101.2 1 10
github.com/vitwit/avail-da-module/keeper/store.go:103.66,105.2 1 1
github.com/vitwit/avail-da-module/keeper/store.go:107.89,109.18 2 8
github.com/vitwit/avail-da-module/keeper/store.go:109.18,111.3 1 1
github.com/vitwit/avail-da-module/keeper/store.go:112.2,112.30 1 8
github.com/vitwit/avail-da-module/keeper/store.go:115.66,117.2 1 5
github.com/vitwit/avail-da-module/keeper/store.go:119.64,121.2 1 10
github.com/vitwit/avail-da-module/keeper/store.go:123.76,127.27 3 34
github.com/vitwit/avail-da-module/keeper/store.go:127.27,129.3 1 16
github.com/vitwit/avail-da-module/keeper/store.go:131.2,132.15 2 18
github.com/vitwit/avail-da-module/keeper/vote_extension.go:22.19,27.2 1 14
github.com/vitwit/avail-da-module/keeper/vote_extension.go:29.34,31.2 1 1
github.com/vitwit/avail-da-module/keeper/vote_extension.go:37.68,38.92 1 0
github.com/vitwit/avail-da-module/keeper/vote_extension.go:38.92,53.77 10 0
github.com/vitwit/avail-da-module/keeper/vote_extension.go:53.77,60.18 3 0
github.com/vitwit/avail-da-module/keeper/vote_extension.go:60.18,62.5 1 0
github.com/vitwit/avail-da-module/keeper/vote_extension.go:63.4,64.35 2 0
github.com/vitwit/avail-da-module/keeper/vote_extension.go:67.3,68.9 2 0
github.com/vitwit/avail-da-module/keeper/vote_extension.go:68.9,72.4 1 0
github.com/vitwit/avail-da-module/keeper/vote_extension.go:74.3,74.17 1 0
github.com/vitwit/avail-da-module/keeper/vote_extension.go:74.17,77.4 2 0
github.com/vitwit/avail-da-module/keeper/vote_extension.go:79.3,86.17 4 0
github.com/vitwit/avail-da-module/keeper/vote_extension.go:86.17,88.4 1 0
github.com/vitwit/avail-da-module/keeper/vote_extension.go:90.3,92.9 1 0
github.com/vitwit/avail-da-module/keeper/vote_extension.go:96.86,97.108 1 0
github.com/vitwit/avail-da-module/keeper/vote_extension.go:97.108,100.3 1 0
github.com/vitwit/avail-da-module/types/abci.pb.go:30.40,30.63 1 0
github.com/vitwit/avail-da-module/types/abci.pb.go:31.40,31.77 1 0
github.com/vitwit/avail-da-module/types/abci.pb.go:32.41,32.42 0 0
github.com/vitwit/avail-da-module/types/abci.pb.go:33.51,35.2 1 0
github.com/vitwit/avail-da-module/types/abci.pb.go:36.54,38.2 1 0
github.com/vitwit/avail-da-module/types/abci.pb.go:39.82,40.19 1 0
github.com/vitwit/avail-da-module/types/abci.pb.go:40.19,42.3 1 0
github.com/vitwit/avail-da-module/types/abci.pb.go:42.8,45.17 3 0
github.com/vitwit/avail-da-module/types/abci.pb.go:45.17,47.4 1 0
github.com/vitwit/avail-da-module/types/abci.pb.go:48.3,48.20 1 0
github.com/vitwit/avail-da-module/types/abci.pb.go:51.53,53.2 1 0
github.com/vitwit/avail-da-module/types/abci.pb.go:54.39,56.2 1 0
github.com/vitwit/avail-da-module/types/abci.pb.go:57.45,59.2 1 0
github.com/vitwit/avail-da-module/types/abci.pb.go:63.57,64.14 1 0
github.com/vitwit/avail-da-module/types/abci.pb.go:64.14,66.3 1 0
github.com/vitwit/avail-da-module/types/abci.pb.go:67.2,67.24 1 0
github.com/vitwit/avail-da-module/types/abci.pb.go:74.41,74.65 1 0
github.com/vitwit/avail-da-module/types/abci.pb.go:75.41,75.78 1 0
github.com/vitwit/avail-da-module/types/abci.pb.go:76.42,76.43 0 0
github.com/vitwit/avail-da-module/types/abci.pb.go:77.52,79.2 1 0
github.com/vitwit/avail-da-module/types/abci.pb.go:80.55,82.2 1 0
github.com/vitwit/avail-da-module/types/abci.pb.go:83.83,84.19 1 0
github.com/vitwit/avail-da-module/types/abci.pb.go:84.19,86.3 1 0
github.com/vitwit/avail-da-module/types/abci.pb.go:86.8,89.17 3 0
github.com/vitwit/avail-da-module/types/abci.pb.go:89.17,91.4 1 0
github.com/vitwit/avail-da-module/types/abci.pb.go:92.3,92.20 1 0
github.com/vitwit/avail-da-module/types/abci.pb.go:95.54,97.2 1 0
github.com/vitwit/avail-da-module/types/abci.pb.go:98.40,100.2 1 0
github.com/vitwit/avail-da-module/types/abci.pb.go:101.46,103.2 1 0
github.com/vitwit/avail-da-module/types/abci.pb.go:107.51,108.14 1 0
github.com/vitwit/avail-da-module/types/abci.pb.go:108.14,110.3 1 0
github.com/vitwit/avail-da-module/types/abci.pb.go:111.2,111.12 1 0
github.com/vitwit/avail-da-module/types/abci.pb.go:119.41,119.65 1 0
github.com/vitwit/avail-da-module/types/abci.pb.go:120.41,120.78 1 0
github.com/vitwit/avail-da-module/types/abci.pb.go:121.42,121.43 0 0
github.com/vitwit/avail-da-module/types/abci.pb.go:122.52,124.2 1 0
github.com/vitwit/avail-da-module/types/abci.pb.go:125.55,127.2 1 0
github.com/vitwit/avail-da-module/types/abci.pb.go:128.83,129.19 1 0
github.com/vitwit/avail-da-module/types/abci.pb.go:129.19,131.3 1 0
github.com/vitwit/avail-da-module/types/abci.pb.go:131.8,134.17 3 0
github.com/vitwit/avail-da-module/types/abci.pb.go:134.17,136.4 1 0
github.com/vitwit/avail-da-module/types/abci.pb.go:137.3,137.20 1 0
github.com/vitwit/avail-da-module/types/abci.pb.go:140.54,142.2 1 0
github.com/vitwit/avail-da-module/types/abci.pb.go:143.40,145.2 1 0
github.com/vitwit/avail-da-module/types/abci.pb.go:146.46,148.2 1 0
github.com/vitwit/avail-da-module/types/abci.pb.go:152.43,153.14 1 0
github.com/vitwit/avail-da-module/types/abci.pb.go:153.14,155.3 1 0
github.com/vitwit/avail-da-module/types/abci.pb.go:156.2,156.10 1 0
github.com/vitwit/avail-da-module/types/abci.pb.go:159.43,160.14 1 0
github.com/vitwit/avail-da-module/types/abci.pb.go:160.14,162.3 1 0
github.com/vitwit/avail-da-module/types/abci.pb.go:163.2,163.12 1 0
github.com/vitwit/avail-da-module/types/abci.pb.go:166.13,170.2 3 1
github.com/vitwit/avail-da-module/types/abci.pb.go:172.13,172.100 1 1
github.com/vitwit/avail-da-module/types/abci.pb.go:196.59,200.16 4 0
github.com/vitwit/avail-da-module/types/abci.pb.go:200.16,202.3 1 0
github.com/vitwit/avail-da-module/types/abci.pb.go:203.2,203.22 1 0
github.com/vitwit/avail-da-module/types/abci.pb.go:206.60,209.2 2 0
github.com/vitwit/avail-da-module/types/abci.pb.go:211.71,216.2 5 0
github.com/vitwit/avail-da-module/types/abci.pb.go:216.2,218.17 2 0
github.com/vitwit/avail-da-module/types/abci.pb.go:218.17,220.4 1 0
github.com/vitwit/avail-da-module/types/abci.pb.go:221.3,222.46 2 0
github.com/vitwit/avail-da-module/types/abci.pb.go:224.2,226.27 3 0
github.com/vitwit/avail-da-module/types/abci.pb.go:229.60,233.16 4 0
github.com/vitwit/avail-da-module/types/abci.pb.go:233.16,235.3 1 0
github.com/vitwit/avail-da-module/types/abci.pb.go:236.2,236.22 1 0
github.com/vitwit/avail-da-module/types/abci.pb.go:239.61,242.2 2 0
github.com/vitwit/avail-da-module/types/abci.pb.go:244.72,249.29 5 0
github.com/vitwit/avail-da-module/types/abci.pb.go:249.29,252.39 3 0
github.com/vitwit/avail-da-module/types/abci.pb.go:252.39,254.20 2 0
github.com/vitwit/avail-da-module/types/abci.pb.go:254.20,258.5 3 0
github.com/vitwit/avail-da-module/types/abci.pb.go:259.4,260.8 2 0
github.com/vitwit/avail-da-module/types/abci.pb.go:262.3,266.16 5 0
github.com/vitwit/avail-da-module/types/abci.pb.go:268.2,268.27 1 0
github.com/vitwit/avail-da-module/types/abci.pb.go:271.60,275.16 4 0
github.com/vitwit/avail-da-module/types/abci.pb.go:275.16,277.3 1 0
github.com/vitwit/avail-da-module/types/abci.pb.go:278.2,278.22 1 0
github.com/vitwit/avail-da-module/types/abci.pb.go:281.61,284.2 2 0
github.com/vitwit/avail-da-module/types/abci.pb.go:286.72,291.22 5 0
github.com/vitwit/avail-da-module/types/abci.pb.go:291.22,297.3 5 0
github.com/vitwit/avail-da-module/types/abci.pb.go:298.2,298.19 1 0
github.com/vitwit/avail-da-module/types/abci.pb.go:298.19,302.3 3 0
github.com/vitwit/avail-da-module/types/abci.pb.go:303.2,303.27 1 0
github.com/vitwit/avail-da-module/types/abci.pb.go:306.62,309.16 3 0
github.com/vitwit/avail-da-module/types/abci.pb.go:309.16,313.3 3 0
github.com/vitwit/avail-da-module/types/abci.pb.go:314.2,315.13 2 0
github.com/vitwit/avail-da-module/types/abci.pb.go:317.39,318.14 1 0
github.com/vitwit/avail-da-module/types/abci.pb.go:318.14,320.3 1 0
github.com/vitwit/avail-da-module/types/abci.pb.go:321.2,325.10 5 0
github.com/vitwit/avail-da-module/types/abci.pb.go:328.40,329.14 1 0
github.com/vitwit/avail-da-module/types/abci.pb.go:329.14,331.3 1 0
github.com/vitwit/avail-da-module/types/abci.pb.go:332.2,334.29 3 0
github.com/vitwit/avail-da-module/types/abci.pb.go:334.29,336.36 2 0
github.com/vitwit/avail-da-module/types/abci.pb.go:336.36,338.4 1 0
github.com/vitwit/avail-da-module/types/abci.pb.go:339.3,339.34 1 0
github.com/vitwit/avail-da-module/types/abci.pb.go:341.2,341.10 1 0
github.com/vitwit/avail-da-module/types/abci.pb.go:344.40,345.14 1 0
github.com/vitwit/avail-da-module/types/abci.pb.go:345.14,347.3 1 0
github.com/vitwit/avail-da-module/types/abci.pb.go:348.2,350.19 3 0
github.com/vitwit/avail-da-module/types/abci.pb.go:350.19,352.3 1 0
github.com/vitwit/avail-da-module/types/abci.pb.go:353.2,354.11 2 0
github.com/vitwit/avail-da-module/types/abci.pb.go:354.11,356.3 1 0
github.com/vitwit/avail-da-module/types/abci.pb.go:357.2,357.10 1 0
github.com/vitwit/avail-da-module/types/abci.pb.go:360.32,362.2 1 0
github.com/vitwit/avail-da-module/types/abci.pb.go:363.32,365.2 1 0
github.com/vitwit/avail-da-module/types/abci.pb.go:366.53,369.16 3 0
github.com/vitwit/avail-da-module/types/abci.pb.go:369.16,372.38 3 0
github.com/vitwit/avail-da-module/types/abci.pb.go:372.38,373.19 1 0
github.com/vitwit/avail-da-module/types/abci.pb.go:373.19,375.5 1 0
github.com/vitwit/avail-da-module/types/abci.pb.go:376.4,376.18 1 0
github.com/vitwit/avail-da-module/types/abci.pb.go:376.18,378.5 1 0
github.com/vitwit/avail-da-module/types/abci.pb.go:379.4,382.16 4 0
github.com/vitwit/avail-da-module/types/abci.pb.go:382.16,383.10 1 0
github.com/vitwit/avail-da-module/types/abci.pb.go:386.3,388.20 3 0
github.com/vitwit/avail-da-module/types/abci.pb.go:388.20,390.4 1 0
github.com/vitwit/avail-da-module/types/abci.pb.go:391.3,391.20 1 0
github.com/vitwit/avail-da-module/types/abci.pb.go:391.20,393.4 1 0
github.com/vitwit/avail-da-module/types/abci.pb.go:394.3,394.19 1 0
github.com/vitwit/avail-da-module/types/abci.pb.go:395.10,396.21 1 0
github.com/vitwit/avail-da-module/types/abci.pb.go:396.21,398.5 1 0
github.com/vitwit/avail-da-module/types/abci.pb.go:399.4,400.39 2 0
github.com/vitwit/avail-da-module/types/abci.pb.go:400.39,401.20 1 0
github.com/vitwit/avail-da-module/types/abci.pb.go:401.20,403.6 1 0
github.com/vitwit/avail-da-module/types/abci.pb.go:404.5,404.19 1 0
github.com/vitwit/avail-da-module/types/abci.pb.go:404.19,406.6 1 0
github.com/vitwit/avail-da-module/types/abci.pb.go:407.5,410.17 4 0
github.com/vitwit/avail-da-module/types/abci.pb.go:410.17,411.11 1 0
github.com/vitwit/avail-da-module/types/abci.pb.go:414.4,414.18 1 0
github.com/vitwit/avail-da-module/types/abci.pb.go:414.18,416.5 1 0
github.com/vitwit/avail-da-module/types/abci.pb.go:417.4,418.21 2 0
github.com/vitwit/avail-da-module/types/abci.pb.go:418.21,420.5 1 0
github.com/vitwit/avail-da-module/types/abci.pb.go:421.4,421.21 1 0
github.com/vitwit/avail-da-module/types/abci.pb.go:421.21,423.5 1 0
github.com/vitwit/avail-da-module/types/abci.pb.go:424.4,424.75 1 0
github.com/vitwit/avail-da-module/types/abci.pb.go:424.75,426.5 1 0
github.com/vitwit/avail-da-module/types/abci.pb.go:427.4,427.21 1 0
github.com/vitwit/avail-da-module/types/abci.pb.go:428.11,431.18 3 0
github.com/vitwit/avail-da-module/types/abci.pb.go:431.18,433.5 1 0
github.com/vitwit/avail-da-module/types/abci.pb.go:434.4,434.42 1 0
github.com/vitwit/avail-da-module/types/abci.pb.go:434.42,436.5 1 0
github.com/vitwit/avail-da-module/types/abci.pb.go:437.4,437.28 1 0
github.com/vitwit/avail-da-module/types/abci.pb.go:437.28,439.5 1 0
github.com/vitwit/avail-da-module/types/abci.pb.go:440.4,440.19 1 0
github.com/vitwit/avail-da-module/types/abci.pb.go:444.2,444.15 1 0
github.com/vitwit/avail-da-module/types/abci.pb.go:444.15,446.3 1 0
github.com/vitwit/avail-da-module/types/abci.pb.go:447.2,447.12 1 0
github.com/vitwit/avail-da-module/types/abci.pb.go:449.54,452.16 3 0
github.com/vitwit/avail-da-module/types/abci.pb.go:452.16,455.38 3 0
github.com/vitwit/avail-da-module/types/abci.pb.go:455.38,456.19 1 0
github.com/vitwit/avail-da-module/types/abci.pb.go:456.19,458.5 1 0
github.com/vitwit/avail-da-module/types/abci.pb.go:459.4,459.18 1 0
github.com/vitwit/avail-da-module/types/abci.pb.go:459.18,461.5 1 0
github.com/vitwit/avail-da-module/types/abci.pb.go:462.4,465.16 4 0
github.com/vitwit/avail-da-module/types/abci.pb.go:465.16,466.10 1 0
github.com/vitwit/avail-da-module/types/abci.pb.go:469.3,471.20 3 0
github.com/vitwit/avail-da-module/types/abci.pb.go:471.20,473.4 1 0
github.com/vitwit/avail-da-module/types/abci.pb.go:474.3,474.20 1 0
github.com/vitwit/avail-da-module/types/abci.pb.go:474.20,476.4 1 0
github.com/vitwit/avail-da-module/types/abci.pb.go:477.3,477.19 1 0
github.com/vitwit/avail-da-module/types/abci.pb.go:478.10,479.21 1 0
github.com/vitwit/avail-da-module/types/abci.pb.go:479.21,481.40 2 0
github.com/vitwit/avail-da-module/types/abci.pb.go:481.40,482.21 1 0
github.com/vitwit/avail-da-module/types/abci.pb.go:482.21,484.7 1 0
github.com/vitwit/avail-da-module/types/abci.pb.go:485.6,485.20 1 0
github.com/vitwit/avail-da-module/types/abci.pb.go:485.20,487.7 1 0
github.com/vitwit/avail-da-module/types/abci.pb.go:488.6,491.18 4 0
github.com/vitwit/avail-da-module/types/abci.pb.go:491.18,492.12 1 0
github.com/vitwit/avail-da-module/types/abci.pb.go:495.5,495.47 1 0
github.com/vitwit/avail-da-module/types/abci.pb.go:496.10,496.28 1 0
github.com/vitwit/avail-da-module/types/abci.pb.go:496.28,498.40 2 0
github.com/vitwit/avail-da-module/types/abci.pb.go:498.40,499.21 1 0
github.com/vitwit/avail-da-module/types/abci.pb.go:499.21,501.7 1 0
github.com/vitwit/avail-da-module/types/abci.pb.go:502.6,502.20 1 0
github.com/vitwit/avail-da-module/types/abci.pb.go:502.20,504.7 1 0
github.com/vitwit/avail-da-module/types/abci.pb.go:505.6,508.18 4 0
github.com/vitwit/avail-da-module/types/abci.pb.go:508.18,509.12 1 0
github.com/vitwit/avail-da-module/types/abci.pb.go:512.5,512.22 1 0
github.com/vitwit/avail-da-module/types/abci.pb.go:512.22,514.6 1 0
github.com/vitwit/avail-da-module/types/abci.pb.go:515.5,516.22 2 0
github.com/vitwit/avail-da-module/types/abci.pb.go:516.22,518.6 1 0
github.com/vitwit/avail-da-module/types/abci.pb.go:519.5,519.22 1 0
github.com/vitwit/avail-da-module/types/abci.pb.go:519.22,521.6 1 0
github.com/vitwit/avail-da-module/types/abci.pb.go:522.5,524.51 3 0
github.com/vitwit/avail-da-module/types/abci.pb.go:524.51,525.23 1 0
github.com/vitwit/avail-da-module/types/abci.pb.go:525.23,527.7 1 0
github.com/vitwit/avail-da-module/types/abci.pb.go:529.5,530.54 2 0
github.com/vitwit/avail-da-module/types/abci.pb.go:530.54,532.6 1 0
github.com/vitwit/avail-da-module/types/abci.pb.go:533.5,533.27 1 0
github.com/vitwit/avail-da-module/types/abci.pb.go:533.27,535.41 2 0
github.com/vitwit/avail-da-module/types/abci.pb.go:535.41,536.22 1 0
github.com/vitwit/avail-da-module/types/abci.pb.go:536.22,538.8 1 0
github.com/vitwit/avail-da-module/types/abci.pb.go:539.7,539.21 1 0
github.com/vitwit/avail-da-module/types/abci.pb.go:539.21,541.8 1 0
github.com/vitwit/avail-da-module/types/abci.pb.go:542.7,545.19 4 0
github.com/vitwit/avail-da-module/types/abci.pb.go:545.19,546.13 1 0
github.com/vitwit/avail-da-module/types/abci.pb.go:549.6,549.48 1 0
github.com/vitwit/avail-da-module/types/abci.pb.go:551.10,553.5 1 0
github.com/vitwit/avail-da-module/types/abci.pb.go:554.11,557.18 3 0
github.com/vitwit/avail-da-module/types/abci.pb.go:557.18,559.5 1 0
github.com/vitwit/avail-da-module/types/abci.pb.go:560.4,560.42 1 0
github.com/vitwit/avail-da-module/types/abci.pb.go:560.42,562.5 1 0
github.com/vitwit/avail-da-module/types/abci.pb.go:563.4,563.28 1 0
github.com/vitwit/avail-da-module/types/abci.pb.go:563.28,565.5 1 0
github.com/vitwit/avail-da-module/types/abci.pb.go:566.4,566.19 1 0
github.com/vitwit/avail-da-module/types/abci.pb.go:570.2,570.15 1 0
github.com/vitwit/avail-da-module/types/abci.pb.go:570.15,572.3 1 0
github.com/vitwit/avail-da-module/types/abci.pb.go:573.2,573.12 1 0
github.com/vitwit/avail-da-module/types/abci.pb.go:575.54,578.16 3 0
github.com/vitwit/avail-da-module/types/abci.pb.go:578.16,581.38 3 0
github.com/vitwit/avail-da-module/types/abci.pb.go:581.38,582.19 1 0
github.com/vitwit/avail-da-module/types/abci.pb.go:582.19,584.5 1 0
github.com/vitwit/avail-da-module/types/abci.pb.go:585.4,585.18 1 0
github.com/vitwit/avail-da-module/types/abci.pb.go:585.18,587.5 1 0
github.com/vitwit/avail-da-module/types/abci.pb.go:588.4,591.16 4 0
github.com/vitwit/avail-da-module/types/abci.pb.go:591.16,592.10 1 0
github.com/vitwit/avail-da-module/types/abci.pb.go:595.3,597.20 3 0
github.com/vitwit/avail-da-module/types/abci.pb.go:597.20,599.4 1 0
github.com/vitwit/avail-da-module/types/abci.pb.go:600.3,600.20 1 0
github.com/vitwit/avail-da-module/types/abci.pb.go:600.20,602.4 1 0
github.com/vitwit/avail-da-module/types/abci.pb.go:603.3,603.19 1 0
github.com/vitwit/avail-da-module/types/abci.pb.go:604.10,605.21 1 0
github.com/vitwit/avail-da-module/types/abci.pb.go:605.21,607.5 1 0
github.com/vitwit/avail-da-module/types/abci.pb.go:608.4,609.39 2 0
github.com/vitwit/avail-da-module/types/abci.pb.go:609.39,610.20 1 0
github.com/vitwit/avail-da-module/types/abci.pb.go:610.20,612.6 1 0
github.com/vitwit/avail-da-module/types/abci.pb.go:613.5,613.19 1 0
github.com/vitwit/avail-da-module/types/abci.pb.go:613.19,615.6 1 0
github.com/vitwit/avail-da-module/types/abci.pb.go:616.5,619.17 4 0
github.com/vitwit/avail-da-module/types/abci.pb.go:619.17,620.11 1 0
github.com/vitwit/avail-da-module/types/abci.pb.go:623.10,624.21 1 0
github.com/vitwit/avail-da-module/types/abci.pb.go:624.21,626.5 1 0
github.com/vitwit/avail-da-module/types/abci.pb.go:627.4,628.39 2 0
github.com/vitwit/avail-da-module/types/abci.pb.go:628.39,629.20 1 0
github.com/vitwit/avail-da-module/types/abci.pb.go:629.20,631.6 1 0
github.com/vitwit/avail-da-module/types/abci.pb.go:632.5,632.19 1 0
github.com/vitwit/avail-da-module/types/abci.pb.go:632.19,634.6 1 0
github.com/vitwit/avail-da-module/types/abci.pb.go:635.5,638.17 4 0
github.com/vitwit/avail-da-module/types/abci.pb.go:638.17,639.11 1 0
github.com/vitwit/avail-da-module/types/abci.pb.go:642.4,642.19 1 0
github.com/vitwit/avail-da-module/types/abci.pb.go:642.19,644.5 1 0
github.com/vitwit/avail-da-module/types/abci.pb.go:645.4,646.21 2 0
github.com/vitwit/avail-da-module/types/abci.pb.go:646.21,648.5 1 0
github.com/vitwit/avail-da-module/types/abci.pb.go:649.4,649.21 1 0
github.com/vitwit/avail-da-module/types/abci.pb.go:649.21,651.5 1 0
github.com/vitwit/avail-da-module/types/abci.pb.go:652.4,653.22 2 0
github.com/vitwit/avail-da-module/types/abci.pb.go:653.22,655.5 1 0
github.com/vitwit/avail-da-module/types/abci.pb.go:656.4,656.21 1 0
github.com/vitwit/avail-da-module/types/abci.pb.go:657.11,660.18 3 0
github.com/vitwit/avail-da-module/types/abci.pb.go:660.18,662.5 1 0
github.com/vitwit/avail-da-module/types/abci.pb.go:663.4,663.42 1 0
github.com/vitwit/avail-da-module/types/abci.pb.go:663.42,665.5 1 0
github.com/vitwit/avail-da-module/types/abci.pb.go:666.4,666.28 1 0
github.com/vitwit/avail-da-module/types/abci.pb.go:666.28,668.5 1 0
github.com/vitwit/avail-da-module/types/abci.pb.go:669.4,669.19 1 0
github.com/vitwit/avail-da-module/types/abci.pb.go:673.2,673.15 1 0
github.com/vitwit/avail-da-module/types/abci.pb.go:673.15,675.3 1 0
github.com/vitwit/avail-da-module/types/abci.pb.go:676.2,676.12 1 0
github.com/vitwit/avail-da-module/types/abci.pb.go:678.47,682.16 4 0
github.com/vitwit/avail-da-module/types/abci.pb.go:682.16,684.38 2 0
github.com/vitwit/avail-da-module/types/abci.pb.go:684.38,685.19 1 0
github.com/vitwit/avail-da-module/types/abci.pb.go:685.19,687.5 1 0
github.com/vitwit/avail-da-module/types/abci.pb.go:688.4,688.18 1 0
github.com/vitwit/avail-da-module/types/abci.pb.go:688.18,690.5 1 0
github.com/vitwit/avail-da-module/types/abci.pb.go:691.4,694.16 4 0
github.com/vitwit/avail-da-module/types/abci.pb.go:694.16,695.10 1 0
github.com/vitwit/avail-da-module/types/abci.pb.go:698.3,699.19 2 0
github.com/vitwit/avail-da-module/types/abci.pb.go:700.10,701.39 1 0
github.com/vitwit/avail-da-module/types/abci.pb.go:701.39,702.20 1 0
github.com/vitwit/avail-da-module/types/abci.pb.go:702.20,704.6 1 0
github.com/vitwit/avail-da-module/types/abci.pb.go:705.5,705.19 1 0
github.com/vitwit/avail-da-module/types/abci.pb.go:705.19,707.6 1 0
github.com/vitwit/avail-da-module/types/abci.pb.go:708.5,709.29 2 0
github.com/vitwit/avail-da-module/types/abci.pb.go:709.29,710.11 1 0
github.com/vitwit/avail-da-module/types/abci.pb.go:713.10,714.14 1 0
github.com/vitwit/avail-da-module/types/abci.pb.go:715.10,717.39 2 0
github.com/vitwit/avail-da-module/types/abci.pb.go:717.39,718.20 1 0
github.com/vitwit/avail-da-module/types/abci.pb.go:718.20,720.6 1 0
github.com/vitwit/avail-da-module/types/abci.pb.go:721.5,721.19 1 0
github.com/vitwit/avail-da-module/types/abci.pb.go:721.19,723.6 1 0
github.com/vitwit/avail-da-module/types/abci.pb.go:724.5,727.17 4 0
github.com/vitwit/avail-da-module/types/abci.pb.go:727.17,728.11 1 0
github.com/vitwit/avail-da-module/types/abci.pb.go:731.4,731.18 1 0
github.com/vitwit/avail-da-module/types/abci.pb.go:731.18,733.5 1 0
github.com/vitwit/avail-da-module/types/abci.pb.go:734.4,734.19 1 0
github.com/vitwit/avail-da-module/types/abci.pb.go:735.10,736.11 1 0
github.com/vitwit/avail-da-module/types/abci.pb.go:737.10,738.18 1 0
github.com/vitwit/avail-da-module/types/abci.pb.go:738.18,740.5 1 0
github.com/vitwit/avail-da-module/types/abci.pb.go:741.4,741.11 1 0
github.com/vitwit/avail-da-module/types/abci.pb.go:742.10,743.14 1 0
github.com/vitwit/avail-da-module/types/abci.pb.go:744.11,745.64 1 0
github.com/vitwit/avail-da-module/types/abci.pb.go:747.3,747.16 1 0
github.com/vitwit/avail-da-module/types/abci.pb.go:747.16,749.4 1 0
github.com/vitwit/avail-da-module/types/abci.pb.go:750.3,750.17 1 0
github.com/vitwit/avail-da-module/types/abci.pb.go:750.17,752.4 1 0
github.com/vitwit/avail-da-module/types/abci.pb.go:754.2,754.31 1 0
github.com/vitwit/avail-da-module/types/avail_config.go:95.80,108.2 1 0
github.com/vitwit/avail-da-module/types/codec.go:13.55,15.2 1 14
github.com/vitwit/avail-da-module/types/codec.go:18.59,24.2 2 14
github.com/vitwit/avail-da-module/types/genesis.go:4.38,6.2 1 0
github.com/vitwit/avail-da-module/types/genesis.go:9.42,11.2 1 0
github.com/vitwit/avail-da-module/types/genesis.pb.go:34.40,34.63 1 0
github.com/vitwit/avail-da-module/types/genesis.pb.go:35.40,35.77 1 0
github.com/vitwit/avail-da-module/types/genesis.pb.go:36.41,36.42 0 0
github.com/vitwit/avail-da-module/types/genesis.pb.go:37.51,39.2 1 0
github.com/vitwit/avail-da-module/types/genesis.pb.go:40.54,42.2 1 0
github.com/vitwit/avail-da-module/types/genesis.pb.go:43.82,44.19 1 0
github.com/vitwit/avail-da-module/types/genesis.pb.go:44.19,46.3 1 0
github.com/vitwit/avail-da-module/types/genesis.pb.go:46.8,49.17 3 0
github.com/vitwit/avail-da-module/types/genesis.pb.go:49.17,51.4 1 0
github.com/vitwit/avail-da-module/types/genesis.pb.go:52.3,52.20 1 0
github.com/vitwit/avail-da-module/types/genesis.pb.go:55.53,57.2 1 0
github.com/vitwit/avail-da-module/types/genesis.pb.go:58.39,60.2 1 0
github.com/vitwit/avail-da-module/types/genesis.pb.go:61.45,63.2 1 0
github.com/vitwit/avail-da-module/types/genesis.pb.go:67.52,68.14 1 0
github.com/vitwit/avail-da-module/types/genesis.pb.go:68.14,70.3 1 0
github.com/vitwit/avail-da-module/types/genesis.pb.go:71.2,71.12 1 0
github.com/vitwit/avail-da-module/types/genesis.pb.go:74.49,75.14 1 0
github.com/vitwit/avail-da-module/types/genesis.pb.go:75.14,77.3 1 0
github.com/vitwit/avail-da-module/types/genesis.pb.go:78.2,78.10 1 0
github.com/vitwit/avail-da-module/types/genesis.pb.go:81.13,83.2 1 1
github.com/vitwit/avail-da-module/types/genesis.pb.go:85.13,85.103 1 1
github.com/vitwit/avail-da-module/types/genesis.pb.go:106.59,110.16 4 0
github.com/vitwit/avail-da-module/types/genesis.pb.go:110.16,112.3 1 0
github.com/vitwit/avail-da-module/types/genesis.pb.go:113.2,113.22 1 0
github.com/vitwit/avail-da-module/types/genesis.pb.go:116.60,119.2 2 0
github.com/vitwit/avail-da-module/types/genesis.pb.go:121.71,126.25 5 0
github.com/vitwit/avail-da-module/types/genesis.pb.go:126.25,130.3 3 0
github.com/vitwit/avail-da-module/types/genesis.pb.go:131.2,131.27 1 0
github.com/vitwit/avail-da-module/types/genesis.pb.go:131.27,132.59 1 0
github.com/vitwit/avail-da-module/types/genesis.pb.go:132.59,133.4 1 0
github.com/vitwit/avail-da-module/types/genesis.pb.go:133.4,135.19 2 0
github.com/vitwit/avail-da-module/types/genesis.pb.go:135.19,137.6 1 0
github.com/vitwit/avail-da-module/types/genesis.pb.go:138.5,139.51 2 0
github.com/vitwit/avail-da-module/types/genesis.pb.go:141.4,142.17 2 0
github.com/vitwit/avail-da-module/types/genesis.pb.go:145.2,145.27 1 0
github.com/vitwit/avail-da-module/types/genesis.pb.go:148.65,151.16 3 0
github.com/vitwit/avail-da-module/types/genesis.pb.go:151.16,155.3 3 0
github.com/vitwit/avail-da-module/types/genesis.pb.go:156.2,157.13 2 0
github.com/vitwit/avail-da-module/types/genesis.pb.go:159.39,160.14 1 0
github.com/vitwit/avail-da-module/types/genesis.pb.go:160.14,162.3 1 0
github.com/vitwit/avail-da-module/types/genesis.pb.go:163.2,165.27 3 0
github.com/vitwit/avail-da-module/types/genesis.pb.go:165.27,166.34 1 0
github.com/vitwit/avail-da-module/types/genesis.pb.go:166.34,169.4 2 0
github.com/vitwit/avail-da-module/types/genesis.pb.go:171.2,171.25 1 0
github.com/vitwit/avail-da-module/types/genesis.pb.go:171.25,173.3 1 0
github.com/vitwit/avail-da-module/types/genesis.pb.go:174.2,174.10 1 0
github.com/vitwit/avail-da-module/types/genesis.pb.go:177.35,179.2 1 0
github.com/vitwit/avail-da-module/types/genesis.pb.go:180.35,182.2 1 0
github.com/vitwit/avail-da-module/types/genesis.pb.go:183.53,186.16 3 0
github.com/vitwit/avail-da-module/types/genesis.pb.go:186.16,189.38 3 0
github.com/vitwit/avail-da-module/types/genesis.pb.go:189.38,190.19 1 0
github.com/vitwit/avail-da-module/types/genesis.pb.go:190.19,192.5 1 0
github.com/vitwit/avail-da-module/types/genesis.pb.go:193.4,193.18 1 0
github.com/vitwit/avail-da-module/types/genesis.pb.go:193.18,195.5 1 0
github.com/vitwit/avail-da-module/types/genesis.pb.go:196.4,199.16 4 0
github.com/vitwit/avail-da-module/types/genesis.pb.go:199.16,200.10 1 0
github.com/vitwit/avail-da-module/types/genesis.pb.go:203.3,205.20 3 0
github.com/vitwit/avail-da-module/types/genesis.pb.go:205.20,207.4 1 0
github.com/vitwit/avail-da-module/types/genesis.pb.go:208.3,208.20 1 0
github.com/vitwit/avail-da-module/types/genesis.pb.go:208.20,210.4 1 0
github.com/vitwit/avail-da-module/types/genesis.pb.go:211.3,211.19 1 0
github.com/vitwit/avail-da-module/types/genesis.pb.go:212.10,213.21 1 0
github.com/vitwit/avail-da-module/types/genesis.pb.go:213.21,215.5 1 0
github.com/vitwit/avail-da-module/types/genesis.pb.go:216.4,217.39 2 0
github.com/vitwit/avail-da-module/types/genesis.pb.go:217.39,218.20 1 0
github.com/vitwit/avail-da-module/types/genesis.pb.go:218.20,220.6 1 0
github.com/vitwit/avail-da-module/types/genesis.pb.go:221.5,221.19 1 0
github.com/vitwit/avail-da-module/types/genesis.pb.go:221.19,223.6 1 0
github.com/vitwit/avail-da-module/types/genesis.pb.go:224.5,227.17 4 0
github.com/vitwit/avail-da-module/types/genesis.pb.go:227.17,228.11 1 0
github.com/vitwit/avail-da-module/types/genesis.pb.go:231.4,231.18 1 0
github.com/vitwit/avail-da-module/types/genesis.pb.go:231.18,233.5 1 0
github.com/vitwit/avail-da-module/types/genesis.pb.go:234.4,235.21 2 0
github.com/vitwit/avail-da-module/types/genesis.pb.go:235.21,237.5 1 0
github.com/vitwit/avail-da-module/types/genesis.pb.go:238.4,238.21 1 0
github.com/vitwit/avail-da-module/types/genesis.pb.go:238.21,240.5 1 0
github.com/vitwit/avail-da-module/types/genesis.pb.go:241.4,242.93 2 0
github.com/vitwit/avail-da-module/types/genesis.pb.go:242.93,244.5 1 0
github.com/vitwit/avail-da-module/types/genesis.pb.go:245.4,245.21 1 0
github.com/vitwit/avail-da-module/types/genesis.pb.go:246.10,247.21 1 0
github.com/vitwit/avail-da-module/types/genesis.pb.go:247.21,249.5 1 0
github.com/vitwit/avail-da-module/types/genesis.pb.go:250.4,251.39 2 0
github.com/vitwit/avail-da-module/types/genesis.pb.go:251.39,252.20 1 0
github.com/vitwit/avail-da-module/types/genesis.pb.go:252.20,254.6 1 0
github.com/vitwit/avail-da-module/types/genesis.pb.go:255.5,255.19 1 0
github.com/vitwit/avail-da-module/types/genesis.pb.go:255.19,257.6 1 0
github.com/vitwit/avail-da-module/types/genesis.pb.go:258.5,261.17 4 0
github.com/vitwit/avail-da-module/types/genesis.pb.go:261.17,262.11 1 0
github.com/vitwit/avail-da-module/types/genesis.pb.go:265.11,268.18 3 0
github.com/vitwit/avail-da-module/types/genesis.pb.go:268.18,270.5 1 0
github.com/vitwit/avail-da-module/types/genesis.pb.go:271.4,271.42 1 0
github.com/vitwit/avail-da-module/types/genesis.pb.go:271.42,273.5 1 0
github.com/vitwit/avail-da-module/types/genesis.pb.go:274.4,274.28 1 0
github.com/vitwit/avail-da-module/types/genesis.pb.go:274.28,276.5 1 0
github.com/vitwit/avail-da-module/types/genesis.pb.go:277.4,277.19 1 0
github.com/vitwit/avail-da-module/types/genesis.pb.go:281.2,281.15 1 0
github.com/vitwit/avail-da-module/types/genesis.pb.go:281.15,283.3 1 0
github.com/vitwit/avail-da-module/types/genesis.pb.go:284.2,284.12 1 0
github.com/vitwit/avail-da-module/types/genesis.pb.go:286.50,290.16 4 0
github.com/vitwit/avail-da-module/types/genesis.pb.go:290.16,292.38 2 0
github.com/vitwit/avail-da-module/types/genesis.pb.go:292.38,293.19 1 0
github.com/vitwit/avail-da-module/types/genesis.pb.go:293.19,295.5 1 0
github.com/vitwit/avail-da-module/types/genesis.pb.go:296.4,296.18 1 0
github.com/vitwit/avail-da-module/types/genesis.pb.go:296.18,298.5 1 0
github.com/vitwit/avail-da-module/types/genesis.pb.go:299.4,302.16 4 0
github.com/vitwit/avail-da-module/types/genesis.pb.go:302.16,303.10 1 0
github.com/vitwit/avail-da-module/types/genesis.pb.go:306.3,307.19 2 0
github.com/vitwit/avail-da-module/types/genesis.pb.go:308.10,309.39 1 0
github.com/vitwit/avail-da-module/types/genesis.pb.go:309.39,310.20 1 0
github.com/vitwit/avail-da-module/types/genesis.pb.go:310.20,312.6 1 0
github.com/vitwit/avail-da-module/types/genesis.pb.go:313.5,313.19 1 0
github.com/vitwit/avail-da-module/types/genesis.pb.go:313.19,315.6 1 0
github.com/vitwit/avail-da-module/types/genesis.pb.go:316.5,317.29 2 0
github.com/vitwit/avail-da-module/types/genesis.pb.go:317.29,318.11 1 0
github.com/vitwit/avail-da-module/types/genesis.pb.go:321.10,322.14 1 0
github.com/vitwit/avail-da-module/types/genesis.pb.go:323.10,325.39 2 0
github.com/vitwit/avail-da-module/types/genesis.pb.go:325.39,326.20 1 0
github.com/vitwit/avail-da-module/types/genesis.pb.go:326.20,328.6 1 0
github.com/vitwit/avail-da-module/types/genesis.pb.go:329.5,329.19 1 0
github.com/vitwit/avail-da-module/types/genesis.pb.go:329.19,331.6 1 0
github.com/vitwit/avail-da-module/types/genesis.pb.go:332.5,335.17 4 0
github.com/vitwit/avail-da-module/types/genesis.pb.go:335.17,336.11 1 0
github.com/vitwit/avail-da-module/types/genesis.pb.go:339.4,339.18 1 0
github.com/vitwit/avail-da-module/types/genesis.pb.go:339.18,341.5 1 0
github.com/vitwit/avail-da-module/types/genesis.pb.go:342.4,342.19 1 0
github.com/vitwit/avail-da-module/types/genesis.pb.go:343.10,344.11 1 0
github.com/vitwit/avail-da-module/types/genesis.pb.go:345.10,346.18 1 0
github.com/vitwit/avail-da-module/types/genesis.pb.go:346.18,348.5 1 0
github.com/vitwit/avail-da-module/types/genesis.pb.go:349.4,349.11 1 0
github.com/vitwit/avail-da-module/types/genesis.pb.go:350.10,351.14 1 0
github.com/vitwit/avail-da-module/types/genesis.pb.go:352.11,353.64 1 0
github.com/vitwit/avail-da-module/types/genesis.pb.go:355.3,355.16 1 0
github.com/vitwit/avail-da-module/types/genesis.pb.go:355.16,357.4 1 0
github.com/vitwit/avail-da-module/types/genesis.pb.go:358.3,358.17 1 0
github.com/vitwit/avail-da-module/types/genesis.pb.go:358.17,360.4 1 0
github.com/vitwit/avail-da-module/types/genesis.pb.go:362.2,362.31 1 0
github.com/vitwit/avail-da-module/types/query.pb.go:37.59,37.101 1 2
github.com/vitwit/avail-da-module/types/query.pb.go:38.59,38.96 1 0
github.com/vitwit/avail-da-module/types/query.pb.go:39.60,39.61 0 0
github.com/vitwit/avail-da-module/types/query.pb.go:40.70,42.2 1 0
github.com/vitwit/avail-da-module/types/query.pb.go:43.73,45.2 1 2
github.com/vitwit/avail-da-module/types/query.pb.go:46.101,47.19 1 0
github.com/vitwit/avail-da-module/types/query.pb.go:47.19,49.3 1 0
github.com/vitwit/avail-da-module/types/query.pb.go:49.8,52.17 3 0
github.com/vitwit/avail-da-module/types/query.pb.go:52.17,54.4 1 0
github.com/vitwit/avail-da-module/types/query.pb.go:55.3,55.20 1 0
github.com/vitwit/avail-da-module/types/query.pb.go:58.72,60.2 1 0
github.com/vitwit/avail-da-module/types/query.pb.go:61.58,63.2 1 2
github.com/vitwit/avail-da-module/types/query.pb.go:64.64,66.2 1 0
github.com/vitwit/avail-da-module/types/query.pb.go:78.60,78.103 1 2
github.com/vitwit/avail-da-module/types/query.pb.go:79.60,79.97 1 0
github.com/vitwit/avail-da-module/types/query.pb.go:80.61,80.62 0 0
github.com/vitwit/avail-da-module/types/query.pb.go:81.71,83.2 1 0
github.com/vitwit/avail-da-module/types/query.pb.go:84.74,86.2 1 2
github.com/vitwit/avail-da-module/types/query.pb.go:87.102,88.19 1 2
github.com/vitwit/avail-da-module/types/query.pb.go:88.19,90.3 1 0
github.com/vitwit/avail-da-module/types/query.pb.go:90.8,93.17 3 2
github.com/vitwit/avail-da-module/types/query.pb.go:93.17,95.4 1 0
github.com/vitwit/avail-da-module/types/query.pb.go:96.3,96.20 1 2
github.com/vitwit/avail-da-module/types/query.pb.go:99.73,101.2 1 0
github.com/vitwit/avail-da-module/types/query.pb.go:102.59,104.2 1 4
github.com/vitwit/avail-da-module/types/query.pb.go:105.65,107.2 1 0
github.com/vitwit/avail-da-module/types/query.pb.go:111.62,112.14 1 0
github.com/vitwit/avail-da-module/types/query.pb.go:112.14,114.3 1 0
github.com/vitwit/avail-da-module/types/query.pb.go:115.2,115.12 1 0
github.com/vitwit/avail-da-module/types/query.pb.go:118.63,119.14 1 0
github.com/vitwit/avail-da-module/types/query.pb.go:119.14,121.3 1 0
github.com/vitwit/avail-da-module/types/query.pb.go:122.2,122.11 1 0
github.com/vitwit/avail-da-module/types/query.pb.go:125.69,126.14 1 0
github.com/vitwit/avail-da-module/types/query.pb.go:126.14,128.3 1 0
github.com/vitwit/avail-da-module/types/query.pb.go:129.2,129.10 1 0
github.com/vitwit/avail-da-module/types/query.pb.go:132.69,133.14 1 0
github.com/vitwit/avail-da-module/types/query.pb.go:133.14,135.3 1 0
github.com/vitwit/avail-da-module/types/query.pb.go:136.2,136.10 1 0
github.com/vitwit/avail-da-module/types/query.pb.go:139.13,142.2 2 1
github.com/vitwit/avail-da-module/types/query.pb.go:144.13,144.101 1 1
github.com/vitwit/avail-da-module/types/query.pb.go:196.54,198.2 1 14
github.com/vitwit/avail-da-module/types/query.pb.go:200.169,203.16 3 2
github.com/vitwit/avail-da-module/types/query.pb.go:203.16,205.3 1 0
github.com/vitwit/avail-da-module/types/query.pb.go:206.2,206.17 1 2
github.com/vitwit/avail-da-module/types/query.pb.go:219.156,221.2 1 0
github.com/vitwit/avail-da-module/types/query.pb.go:223.59,225.2 1 14
github.com/vitwit/avail-da-module/types/query.pb.go:227.170,229.32 2 16
github.com/vitwit/avail-da-module/types/query.pb.go:229.32,231.3 1 0
github.com/vitwit/avail-da-module/types/query.pb.go:232.2,232.24 1 16
github.com/vitwit/avail-da-module/types/query.pb.go:232.24,234.3 1 2
github.com/vitwit/avail-da-module/types/query.pb.go:235.2,239.77 2 14
github.com/vitwit/avail-da-module/types/query.pb.go:239.77,241.3 1 0
github.com/vitwit/avail-da-module/types/query.pb.go:242.2,242.44 1 14
github.com/vitwit/avail-da-module/types/query.pb.go:258.78,262.16 4 0
github.com/vitwit/avail-da-module/types/query.pb.go:262.16,264.3 1 0
github.com/vitwit/avail-da-module/types/query.pb.go:265.2,265.22 1 0
github.com/vitwit/avail-da-module/types/query.pb.go:268.79,271.2 2 0
github.com/vitwit/avail-da-module/types/query.pb.go:273.90,279.2 5 0
github.com/vitwit/avail-da-module/types/query.pb.go:281.79,285.16 4 0
github.com/vitwit/avail-da-module/types/query.pb.go:285.16,287.3 1 0
github.com/vitwit/avail-da-module/types/query.pb.go:288.2,288.22 1 0
github.com/vitwit/avail-da-module/types/query.pb.go:291.80,294.2 2 0
github.com/vitwit/avail-da-module/types/query.pb.go:296.91,301.25 5 2
github.com/vitwit/avail-da-module/types/query.pb.go:301.25,305.3 3 0
github.com/vitwit/avail-da-module/types/query.pb.go:306.2,306.25 1 2
github.com/vitwit/avail-da-module/types/query.pb.go:306.25,310.3 3 0
github.com/vitwit/avail-da-module/types/query.pb.go:311.2,311.23 1 2
github.com/vitwit/avail-da-module/types/query.pb.go:311.23,317.3 5 2
github.com/vitwit/avail-da-module/types/query.pb.go:318.2,318.20 1 2
github.com/vitwit/avail-da-module/types/query.pb.go:318.20,319.3 1 2
github.com/vitwit/avail-da-module/types/query.pb.go:319.3,321.18 2 2
github.com/vitwit/avail-da-module/types/query.pb.go:321.18,323.5 1 0
github.com/vitwit/avail-da-module/types/query.pb.go:324.4,325.48 2 2
github.com/vitwit/avail-da-module/types/query.pb.go:327.3,328.16 2 2
github.com/vitwit/avail-da-module/types/query.pb.go:330.2,330.27 1 2
github.com/vitwit/avail-da-module/types/query.pb.go:333.63,336.16 3 4
github.com/vitwit/avail-da-module/types/query.pb.go:336.16,340.3 3 0
github.com/vitwit/avail-da-module/types/query.pb.go:341.2,342.13 2 4
github.com/vitwit/avail-da-module/types/query.pb.go:344.58,345.14 1 2
github.com/vitwit/avail-da-module/types/query.pb.go:345.14,347.3 1 0
github.com/vitwit/avail-da-module/types/query.pb.go:348.2,350.10 3 2
github.com/vitwit/avail-da-module/types/query.pb.go:353.59,354.14 1 4
github.com/vitwit/avail-da-module/types/query.pb.go:354.14,356.3 1 0
github.com/vitwit/avail-da-module/types/query.pb.go:357.2,359.20 3 4
github.com/vitwit/avail-da-module/types/query.pb.go:359.20,362.3 2 4
github.com/vitwit/avail-da-module/types/query.pb.go:363.2,364.11 2 4
github.com/vitwit/avail-da-module/types/query.pb.go:364.11,366.3 1 4
github.com/vitwit/avail-da-module/types/query.pb.go:367.2,367.25 1 4
github.com/vitwit/avail-da-module/types/query.pb.go:367.25,369.3 1 0
github.com/vitwit/avail-da-module/types/query.pb.go:370.2,370.25 1 4
github.com/vitwit/avail-da-module/types/query.pb.go:370.25,372.3 1 0
github.com/vitwit/avail-da-module/types/query.pb.go:373.2,373.10 1 4
github.com/vitwit/avail-da-module/types/query.pb.go:376.33,378.2 1 12
github.com/vitwit/avail-da-module/types/query.pb.go:379.33,381.2 1 0
github.com/vitwit/avail-da-module/types/query.pb.go:382.72,385.16 3 2
github.com/vitwit/avail-da-module/types/query.pb.go:385.16,388.38 3 0
github.com/vitwit/avail-da-module/types/query.pb.go:388.38,389.19 1 0
github.com/vitwit/avail-da-module/types/query.pb.go:389.19,391.5 1 0
github.com/vitwit/avail-da-module/types/query.pb.go:392.4,392.18 1 0
github.com/vitwit/avail-da-module/types/query.pb.go:392.18,394.5 1 0
github.com/vitwit/avail-da-module/types/query.pb.go:395.4,398.16 4 0
github.com/vitwit/avail-da-module/types/query.pb.go:398.16,399.10 1 0
github.com/vitwit/avail-da-module/types/query.pb.go:402.3,404.20 3 0
github.com/vitwit/avail-da-module/types/query.pb.go:404.20,406.4 1 0
github.com/vitwit/avail-da-module/types/query.pb.go:407.3,407.20 1 0
github.com/vitwit/avail-da-module/types/query.pb.go:407.20,409.4 1 0
github.com/vitwit/avail-da-module/types/query.pb.go:410.3,410.19 1 0
github.com/vitwit/avail-da-module/types/query.pb.go:411.11,414.18 3 0
github.com/vitwit/avail-da-module/types/query.pb.go:414.18,416.5 1 0
github.com/vitwit/avail-da-module/types/query.pb.go:417.4,417.42 1 0
github.com/vitwit/avail-da-module/types/query.pb.go:417.42,419.5 1 0
github.com/vitwit/avail-da-module/types/query.pb.go:420.4,420.28 1 0
github.com/vitwit/avail-da-module/types/query.pb.go:420.28,422.5 1 0
github.com/vitwit/avail-da-module/types/query.pb.go:423.4,423.19 1 0
github.com/vitwit/avail-da-module/types/query.pb.go:427.2,427.15 1 2
github.com/vitwit/avail-da-module/types/query.pb.go:427.15,429.3 1 0
github.com/vitwit/avail-da-module/types/query.pb.go:430.2,430.12 1 2
github.com/vitwit/avail-da-module/types/query.pb.go:432.73,435.16 3 2
github.com/vitwit/avail-da-module/types/query.pb.go:435.16,438.38 3 4
github.com/vitwit/avail-da-module/types/query.pb.go:438.38,439.19 1 4
github.com/vitwit/avail-da-module/types/query.pb.go:439.19,441.5 1 0
github.com/vitwit/avail-da-module/types/query.pb.go:442.4,442.18 1 4
github.com/vitwit/avail-da-module/types/query.pb.go:442.18,444.5 1 0
github.com/vitwit/avail-da-module/types/query.pb.go:445.4,448.16 4 4
github.com/vitwit/avail-da-module/types/query.pb.go:448.16,449.10 1 4
github.com/vitwit/avail-da-module/types/query.pb.go:452.3,454.20 3 4
github.com/vitwit/avail-da-module/types/query.pb.go:454.20,456.4 1 0
github.com/vitwit/avail-da-module/types/query.pb.go:457.3,457.20 1 4
github.com/vitwit/avail-da-module/types/query.pb.go:457.20,459.4 1 0
github.com/vitwit/avail-da-module/types/query.pb.go:460.3,460.19 1 4
github.com/vitwit/avail-da-module/types/query.pb.go:461.10,462.21 1 2
github.com/vitwit/avail-da-module/types/query.pb.go:462.21,464.5 1 0
github.com/vitwit/avail-da-module/types/query.pb.go:465.4,466.39 2 2
github.com/vitwit/avail-da-module/types/query.pb.go:466.39,467.20 1 2
github.com/vitwit/avail-da-module/types/query.pb.go:467.20,469.6 1 0
github.com/vitwit/avail-da-module/types/query.pb.go:470.5,470.19 1 2
github.com/vitwit/avail-da-module/types/query.pb.go:470.19,472.6 1 0
github.com/vitwit/avail-da-module/types/query.pb.go:473.5,476.17 4 2
github.com/vitwit/avail-da-module/types/query.pb.go:476.17,477.11 1 2
github.com/vitwit/avail-da-module/types/query.pb.go:480.4,480.18 1 2
github.com/vitwit/avail-da-module/types/query.pb.go:480.18,482.5 1 0
github.com/vitwit/avail-da-module/types/query.pb.go:483.4,484.21 2 2
github.com/vitwit/avail-da-module/types/query.pb.go:484.21,486.5 1 0
github.com/vitwit/avail-da-module/types/query.pb.go:487.4,487.21 1 2
github.com/vitwit/avail-da-module/types/query.pb.go:487.21,489.5 1 0
github.com/vitwit/avail-da-module/types/query.pb.go:490.4,490.22 1 2
github.com/vitwit/avail-da-module/types/query.pb.go:490.22,492.5 1 2
github.com/vitwit/avail-da-module/types/query.pb.go:493.4,493.67 1 2
github.com/vitwit/avail-da-module/types/query.pb.go:493.67,495.5 1 0
github.com/vitwit/avail-da-module/types/query.pb.go:496.4,496.21 1 2
github.com/vitwit/avail-da-module/types/query.pb.go:497.10,498.21 1 2
github.com/vitwit/avail-da-module/types/query.pb.go:498.21,500.5 1 0
github.com/vitwit/avail-da-module/types/query.pb.go:501.4,502.39 2 2
github.com/vitwit/avail-da-module/types/query.pb.go:502.39,503.20 1 2
github.com/vitwit/avail-da-module/types/query.pb.go:503.20,505.6 1 0
github.com/vitwit/avail-da-module/types/query.pb.go:506.5,506.19 1 2
github.com/vitwit/avail-da-module/types/query.pb.go:506.19,508.6 1 0
github.com/vitwit/avail-da-module/types/query.pb.go:509.5,512.17 4 2
github.com/vitwit/avail-da-module/types/query.pb.go:512.17,513.11 1 2
github.com/vitwit/avail-da-module/types/query.pb.go:516.4,517.24 2 2
github.com/vitwit/avail-da-module/types/query.pb.go:517.24,519.5 1 0
github.com/vitwit/avail-da-module/types/query.pb.go:520.4,521.21 2 2
github.com/vitwit/avail-da-module/types/query.pb.go:521.21,523.5 1 0
github.com/vitwit/avail-da-module/types/query.pb.go:524.4,524.21 1 2
github.com/vitwit/avail-da-module/types/query.pb.go:524.21,526.5 1 0
github.com/vitwit/avail-da-module/types/query.pb.go:527.4,528.21 2 2
github.com/vitwit/avail-da-module/types/query.pb.go:529.10,530.21 1 0
github.com/vitwit/avail-da-module/types/query.pb.go:530.21,532.5 1 0
github.com/vitwit/avail-da-module/types/query.pb.go:533.4,534.39 2 0
github.com/vitwit/avail-da-module/types/query.pb.go:534.39,535.20 1 0
github.com/vitwit/avail-da-module/types/query.pb.go:535.20,537.6 1 0
github.com/vitwit/avail-da-module/types/query.pb.go:538.5,538.19 1 0
github.com/vitwit/avail-da-module/types/query.pb.go:538.19,540.6 1 0
github.com/vitwit/avail-da-module/types/query.pb.go:541.5,544.17 4 0
github.com/vitwit/avail-da-module/types/query.pb.go:544.17,545.11 1 0
github.com/vitwit/avail-da-module/types/query.pb.go:548.10,549.21 1 0
github.com/vitwit/avail-da-module/types/query.pb.go:549.21,551.5 1 0
github.com/vitwit/avail-da-module/types/query.pb.go:552.4,553.39 2 0
github.com/vitwit/avail-da-module/types/query.pb.go:553.39,554.20 1 0
github.com/vitwit/avail-da-module/types/query.pb.go:554.20,556.6 1 0
github.com/vitwit/avail-da-module/types/query.pb.go:557.5,557.19 1 0
github.com/vitwit/avail-da-module/types/query.pb.go:557.19,559.6 1 0
github.com/vitwit/avail-da-module/types/query.pb.go:560.5,563.17 4 0
github.com/vitwit/avail-da-module/types/query.pb.go:563.17,564.11 1 0
github.com/vitwit/avail-da-module/types/query.pb.go:567.11,570.18 3 0
github.com/vitwit/avail-da-module/types/query.pb.go:570.18,572.5 1 0
github.com/vitwit/avail-da-module/types/query.pb.go:573.4,573.42 1 0
[...]
github.com/vitwit/avail-da-module/types/validator.pb.go:301.3,303.20 3 0
github.com/vitwit/avail-da-module/types/validator.pb.go:303.20,305.4 1 0
github.com/vitwit/avail-da-module/types/validator.pb.go:306.3,306.20 1 0
github.com/vitwit/avail-da-module/types/validator.pb.go:306.20,308.4 1 0
github.com/vitwit/avail-da-module/types/validator.pb.go:309.3,309.19 1 0
github.com/vitwit/avail-da-module/types/validator.pb.go:310.10,311.21 1 0
github.com/vitwit/avail-da-module/types/validator.pb.go:311.21,313.5 1 0
github.com/vitwit/avail-da-module/types/validator.pb.go:314.4,315.39 2 0
github.com/vitwit/avail-da-module/types/validator.pb.go:315.39,316.20 1 0
github.com/vitwit/avail-da-module/types/validator.pb.go:316.20,318.6 1 0
github.com/vitwit/avail-da-module/types/validator.pb.go:319.5,319.19 1 0
github.com/vitwit/avail-da-module/types/validator.pb.go:319.19,321.6 1 0
github.com/vitwit/avail-da-module/types/validator.pb.go:322.5,325.17 4 0
github.com/vitwit/avail-da-module/types/validator.pb.go:325.17,326.11 1 0
github.com/vitwit/avail-da-module/types/validator.pb.go:329.4,330.24 2 0
github.com/vitwit/avail-da-module/types/validator.pb.go:330.24,332.5 1 0
github.com/vitwit/avail-da-module/types/validator.pb.go:333.4,334.21 2 0
github.com/vitwit/avail-da-module/types/validator.pb.go:334.21,336.5 1 0
github.com/vitwit/avail-da-module/types/validator.pb.go:337.4,337.21 1 0
github.com/vitwit/avail-da-module/types/validator.pb.go:337.21,339.5 1 0
github.com/vitwit/avail-da-module/types/validator.pb.go:340.4,341.21 2 0
github.com/vitwit/avail-da-module/types/validator.pb.go:342.10,343.21 1 0
github.com/vitwit/avail-da-module/types/validator.pb.go:343.21,345.5 1 0
github.com/vitwit/avail-da-module/types/validator.pb.go:346.4,347.39 2 0
github.com/vitwit/avail-da-module/types/validator.pb.go:347.39,348.20 1 0
github.com/vitwit/avail-da-module/types/validator.pb.go:348.20,350.6 1 0
github.com/vitwit/avail-da-module/types/validator.pb.go:351.5,351.19 1 0
github.com/vitwit/avail-da-module/types/validator.pb.go:351.19,353.6 1 0
github.com/vitwit/avail-da-module/types/validator.pb.go:354.5,357.17 4 0
github.com/vitwit/avail-da-module/types/validator.pb.go:357.17,358.11 1 0
github.com/vitwit/avail-da-module/types/validator.pb.go:361.4,362.24 2 0
github.com/vitwit/avail-da-module/types/validator.pb.go:362.24,364.5 1 0
github.com/vitwit/avail-da-module/types/validator.pb.go:365.4,366.21 2 0
github.com/vitwit/avail-da-module/types/validator.pb.go:366.21,368.5 1 0
github.com/vitwit/avail-da-module/types/validator.pb.go:369.4,369.21 1 0
github.com/vitwit/avail-da-module/types/validator.pb.go:369.21,371.5 1 0
github.com/vitwit/avail-da-module/types/validator.pb.go:372.4,373.21 2 0
github.com/vitwit/avail-da-module/types/validator.pb.go:374.11,377.18 3 0
github.com/vitwit/avail-da-module/types/validator.pb.go:377.18,379.5 1 0
github.com/vitwit/avail-da-module/types/validator.pb.go:380.4,380.42 1 0
github.com/vitwit/avail-da-module/types/validator.pb.go:380.42,382.5 1 0
github.com/vitwit/avail-da-module/types/validator.pb.go:383.4,383.28 1 0
github.com/vitwit/avail-da-module/types/validator.pb.go:383.28,385.5 1 0
github.com/vitwit/avail-da-module/types/validator.pb.go:386.4,386.19 1 0
github.com/vitwit/avail-da-module/types/validator.pb.go:390.2,390.15 1 0
github.com/vitwit/avail-da-module/types/validator.pb.go:390.15,392.3 1 0
github.com/vitwit/avail-da-module/types/validator.pb.go:393.2,393.12 1 0
github.com/vitwit/avail-da-module/types/validator.pb.go:395.51,398.16 3 0
github.com/vitwit/avail-da-module/types/validator.pb.go:398.16,401.38 3 0
github.com/vitwit/avail-da-module/types/validator.pb.go:401.38,402.19 1 0
github.com/vitwit/avail-da-module/types/validator.pb.go:402.19,404.5 1 0
github.com/vitwit/avail-da-module/types/validator.pb.go:405.4,405.18 1 0
github.com/vitwit/avail-da-module/types/validator.pb.go:405.18,407.5 1 0
github.com/vitwit/avail-da-module/types/validator.pb.go:408.4,411.16 4 0
github.com/vitwit/avail-da-module/types/validator.pb.go:411.16,412.10 1 0
github.com/vitwit/avail-da-module/types/validator.pb.go:415.3,417.20 3 0
github.com/vitwit/avail-da-module/types/validator.pb.go:417.20,419.4 1 0
github.com/vitwit/avail-da-module/types/validator.pb.go:420.3,420.20 1 0
github.com/vitwit/avail-da-module/types/validator.pb.go:420.20,422.4 1 0
github.com/vitwit/avail-da-module/types/validator.pb.go:423.3,423.19 1 0
github.com/vitwit/avail-da-module/types/validator.pb.go:424.10,425.21 1 0
github.com/vitwit/avail-da-module/types/validator.pb.go:425.21,427.5 1 0
github.com/vitwit/avail-da-module/types/validator.pb.go:428.4,429.39 2 0
github.com/vitwit/avail-da-module/types/validator.pb.go:429.39,430.20 1 0
github.com/vitwit/avail-da-module/types/validator.pb.go:430.20,432.6 1 0
github.com/vitwit/avail-da-module/types/validator.pb.go:433.5,433.19 1 0
github.com/vitwit/avail-da-module/types/validator.pb.go:433.19,435.6 1 0
github.com/vitwit/avail-da-module/types/validator.pb.go:436.5,439.17 4 0
github.com/vitwit/avail-da-module/types/validator.pb.go:439.17,440.11 1 0
github.com/vitwit/avail-da-module/types/validator.pb.go:443.4,443.18 1 0
github.com/vitwit/avail-da-module/types/validator.pb.go:443.18,445.5 1 0
github.com/vitwit/avail-da-module/types/validator.pb.go:446.4,447.21 2 0
github.com/vitwit/avail-da-module/types/validator.pb.go:447.21,449.5 1 0
github.com/vitwit/avail-da-module/types/validator.pb.go:450.4,450.21 1 0
github.com/vitwit/avail-da-module/types/validator.pb.go:450.21,452.5 1 0
github.com/vitwit/avail-da-module/types/validator.pb.go:453.4,454.93 2 0
github.com/vitwit/avail-da-module/types/validator.pb.go:454.93,456.5 1 0
github.com/vitwit/avail-da-module/types/validator.pb.go:457.4,457.21 1 0
github.com/vitwit/avail-da-module/types/validator.pb.go:458.11,461.18 3 0
github.com/vitwit/avail-da-module/types/validator.pb.go:461.18,463.5 1 0
github.com/vitwit/avail-da-module/types/validator.pb.go:464.4,464.42 1 0
github.com/vitwit/avail-da-module/types/validator.pb.go:464.42,466.5 1 0
github.com/vitwit/avail-da-module/types/validator.pb.go:467.4,467.28 1 0
github.com/vitwit/avail-da-module/types/validator.pb.go:467.28,469.5 1 0
github.com/vitwit/avail-da-module/types/validator.pb.go:470.4,470.19 1 0
github.com/vitwit/avail-da-module/types/validator.pb.go:474.2,474.15 1 0
github.com/vitwit/avail-da-module/types/validator.pb.go:474.15,476.3 1 0
github.com/vitwit/avail-da-module/types/validator.pb.go:477.2,477.12 1 0
github.com/vitwit/avail-da-module/types/validator.pb.go:479.52,483.16 4 0
github.com/vitwit/avail-da-module/types/validator.pb.go:483.16,485.38 2 0
github.com/vitwit/avail-da-module/types/validator.pb.go:485.38,486.19 1 0
github.com/vitwit/avail-da-module/types/validator.pb.go:486.19,488.5 1 0
github.com/vitwit/avail-da-module/types/validator.pb.go:489.4,489.18 1 0
github.com/vitwit/avail-da-module/types/validator.pb.go:489.18,491.5 1 0
github.com/vitwit/avail-da-module/types/validator.pb.go:492.4,495.16 4 0
github.com/vitwit/avail-da-module/types/validator.pb.go:495.16,496.10 1 0
github.com/vitwit/avail-da-module/types/validator.pb.go:499.3,500.19 2 0
github.com/vitwit/avail-da-module/types/validator.pb.go:501.10,502.39 1 0
github.com/vitwit/avail-da-module/types/validator.pb.go:502.39,503.20 1 0
github.com/vitwit/avail-da-module/types/validator.pb.go:503.20,505.6 1 0
github.com/vitwit/avail-da-module/types/validator.pb.go:506.5,506.19 1 0
github.com/vitwit/avail-da-module/types/validator.pb.go:506.19,508.6 1 0
github.com/vitwit/avail-da-module/types/validator.pb.go:509.5,510.29 2 0
github.com/vitwit/avail-da-module/types/validator.pb.go:510.29,511.11 1 0
github.com/vitwit/avail-da-module/types/validator.pb.go:514.10,515.14 1 0
github.com/vitwit/avail-da-module/types/validator.pb.go:516.10,518.39 2 0
github.com/vitwit/avail-da-module/types/validator.pb.go:518.39,519.20 1 0
github.com/vitwit/avail-da-module/types/validator.pb.go:519.20,521.6 1 0
github.com/vitwit/avail-da-module/types/validator.pb.go:522.5,522.19 1 0
github.com/vitwit/avail-da-module/types/validator.pb.go:522.19,524.6 1 0
github.com/vitwit/avail-da-module/types/validator.pb.go:525.5,528.17 4 0
github.com/vitwit/avail-da-module/types/validator.pb.go:528.17,529.11 1 0
github.com/vitwit/avail-da-module/types/validator.pb.go:532.4,532.18 1 0
github.com/vitwit/avail-da-module/types/validator.pb.go:532.18,534.5 1 0
github.com/vitwit/avail-da-module/types/validator.pb.go:535.4,535.19 1 0
github.com/vitwit/avail-da-module/types/validator.pb.go:536.10,537.11 1 0
github.com/vitwit/avail-da-module/types/validator.pb.go:538.10,539.18 1 0
github.com/vitwit/avail-da-module/types/validator.pb.go:539.18,541.5 1 0
github.com/vitwit/avail-da-module/types/validator.pb.go:542.4,542.11 1 0
github.com/vitwit/avail-da-module/types/validator.pb.go:543.10,544.14 1 0
github.com/vitwit/avail-da-module/types/validator.pb.go:545.11,546.64 1 0
github.com/vitwit/avail-da-module/types/validator.pb.go:548.3,548.16 1 0
github.com/vitwit/avail-da-module/types/validator.pb.go:548.16,550.4 1 0
github.com/vitwit/avail-da-module/types/validator.pb.go:551.3,551.17 1 0
github.com/vitwit/avail-da-module/types/validator.pb.go:551.17,553.4 1 0
github.com/vitwit/avail-da-module/types/validator.pb.go:555.2,555.31 1 0
github.com/vitwit/avail-da-module/types/vote_extensions.pb.go:31.46,31.75 1 0
github.com/vitwit/avail-da-module/types/vote_extensions.pb.go:32.46,32.83 1 0
github.com/vitwit/avail-da-module/types/vote_extensions.pb.go:33.47,33.48 0 0
github.com/vitwit/avail-da-module/types/vote_extensions.pb.go:34.57,36.2 1 0
github.com/vitwit/avail-da-module/types/vote_extensions.pb.go:37.60,39.2 1 0
github.com/vitwit/avail-da-module/types/vote_extensions.pb.go:40.88,41.19 1 0
github.com/vitwit/avail-da-module/types/vote_extensions.pb.go:41.19,43.3 1 0
github.com/vitwit/avail-da-module/types/vote_extensions.pb.go:43.8,46.17 3 0
github.com/vitwit/avail-da-module/types/vote_extensions.pb.go:46.17,48.4 1 0
github.com/vitwit/avail-da-module/types/vote_extensions.pb.go:49.3,49.20 1 0
github.com/vitwit/avail-da-module/types/vote_extensions.pb.go:52.59,54.2 1 0
github.com/vitwit/avail-da-module/types/vote_extensions.pb.go:55.45,57.2 1 0
github.com/vitwit/avail-da-module/types/vote_extensions.pb.go:58.51,60.2 1 0
github.com/vitwit/avail-da-module/types/vote_extensions.pb.go:64.53,65.14 1 0
github.com/vitwit/avail-da-module/types/vote_extensions.pb.go:65.14,67.3 1 0
github.com/vitwit/avail-da-module/types/vote_extensions.pb.go:68.2,68.10 1 0
github.com/vitwit/avail-da-module/types/vote_extensions.pb.go:71.48,72.14 1 0
github.com/vitwit/avail-da-module/types/vote_extensions.pb.go:72.14,74.3 1 0
github.com/vitwit/avail-da-module/types/vote_extensions.pb.go:75.2,75.12 1 0
github.com/vitwit/avail-da-module/types/vote_extensions.pb.go:78.13,80.2 1 1
github.com/vitwit/avail-da-module/types/vote_extensions.pb.go:82.13,84.2 1 1
github.com/vitwit/avail-da-module/types/vote_extensions.pb.go:104.65,108.16 4 0
github.com/vitwit/avail-da-module/types/vote_extensions.pb.go:108.16,110.3 1 0
github.com/vitwit/avail-da-module/types/vote_extensions.pb.go:111.2,111.22 1 0
github.com/vitwit/avail-da-module/types/vote_extensions.pb.go:114.66,117.2 2 0
github.com/vitwit/avail-da-module/types/vote_extensions.pb.go:119.77,124.20 5 0
github.com/vitwit/avail-da-module/types/vote_extensions.pb.go:124.20,125.3 1 0
github.com/vitwit/avail-da-module/types/vote_extensions.pb.go:125.3,127.18 2 0
github.com/vitwit/avail-da-module/types/vote_extensions.pb.go:127.18,129.5 1 0
github.com/vitwit/avail-da-module/types/vote_extensions.pb.go:130.4,131.57 2 0
github.com/vitwit/avail-da-module/types/vote_extensions.pb.go:133.3,134.17 2 0
github.com/vitwit/avail-da-module/types/vote_extensions.pb.go:136.2,136.24 1 0
github.com/vitwit/avail-da-module/types/vote_extensions.pb.go:136.24,140.3 3 0
github.com/vitwit/avail-da-module/types/vote_extensions.pb.go:141.2,141.27 1 0
github.com/vitwit/avail-da-module/types/vote_extensions.pb.go:144.72,147.16 3 0
github.com/vitwit/avail-da-module/types/vote_extensions.pb.go:147.16,151.3 3 0
github.com/vitwit/avail-da-module/types/vote_extensions.pb.go:152.2,153.13 2 0
github.com/vitwit/avail-da-module/types/vote_extensions.pb.go:155.45,156.14 1 0
github.com/vitwit/avail-da-module/types/vote_extensions.pb.go:156.14,158.3 1 0
github.com/vitwit/avail-da-module/types/vote_extensions.pb.go:159.2,161.24 3 0
github.com/vitwit/avail-da-module/types/vote_extensions.pb.go:161.24,163.3 1 0
github.com/vitwit/avail-da-module/types/vote_extensions.pb.go:164.2,164.20 1 0
github.com/vitwit/avail-da-module/types/vote_extensions.pb.go:164.20,167.3 2 0
github.com/vitwit/avail-da-module/types/vote_extensions.pb.go:168.2,168.10 1 0
github.com/vitwit/avail-da-module/types/vote_extensions.pb.go:171.42,173.2 1 0
github.com/vitwit/avail-da-module/types/vote_extensions.pb.go:174.42,176.2 1 0
github.com/vitwit/avail-da-module/types/vote_extensions.pb.go:177.59,180.16 3 0
github.com/vitwit/avail-da-module/types/vote_extensions.pb.go:180.16,183.38 3 0
github.com/vitwit/avail-da-module/types/vote_extensions.pb.go:183.38,184.19 1 0
github.com/vitwit/avail-da-module/types/vote_extensions.pb.go:184.19,186.5 1 0
github.com/vitwit/avail-da-module/types/vote_extensions.pb.go:187.4,187.18 1 0
github.com/vitwit/avail-da-module/types/vote_extensions.pb.go:187.18,189.5 1 0
github.com/vitwit/avail-da-module/types/vote_extensions.pb.go:190.4,193.16 4 0
github.com/vitwit/avail-da-module/types/vote_extensions.pb.go:193.16,194.10 1 0
github.com/vitwit/avail-da-module/types/vote_extensions.pb.go:197.3,199.20 3 0
github.com/vitwit/avail-da-module/types/vote_extensions.pb.go:199.20,201.4 1 0
github.com/vitwit/avail-da-module/types/vote_extensions.pb.go:202.3,202.20 1 0
github.com/vitwit/avail-da-module/types/vote_extensions.pb.go:202.20,204.4 1 0
github.com/vitwit/avail-da-module/types/vote_extensions.pb.go:205.3,205.19 1 0
github.com/vitwit/avail-da-module/types/vote_extensions.pb.go:206.10,207.21 1 0
github.com/vitwit/avail-da-module/types/vote_extensions.pb.go:207.21,209.5 1 0
github.com/vitwit/avail-da-module/types/vote_extensions.pb.go:210.4,211.39 2 0
github.com/vitwit/avail-da-module/types/vote_extensions.pb.go:211.39,212.20 1 0
github.com/vitwit/avail-da-module/types/vote_extensions.pb.go:212.20,214.6 1 0
github.com/vitwit/avail-da-module/types/vote_extensions.pb.go:215.5,215.19 1 0
github.com/vitwit/avail-da-module/types/vote_extensions.pb.go:215.19,217.6 1 0
github.com/vitwit/avail-da-module/types/vote_extensions.pb.go:218.5,221.17 4 0
github.com/vitwit/avail-da-module/types/vote_extensions.pb.go:221.17,222.11 1 0
github.com/vitwit/avail-da-module/types/vote_extensions.pb.go:225.10,226.21 1 0
github.com/vitwit/avail-da-module/types/vote_extensions.pb.go:226.21,228.5 1 0
github.com/vitwit/avail-da-module/types/vote_extensions.pb.go:229.4,230.39 2 0
github.com/vitwit/avail-da-module/types/vote_extensions.pb.go:230.39,231.20 1 0
github.com/vitwit/avail-da-module/types/vote_extensions.pb.go:231.20,233.6 1 0
github.com/vitwit/avail-da-module/types/vote_extensions.pb.go:234.5,234.19 1 0
github.com/vitwit/avail-da-module/types/vote_extensions.pb.go:234.19,236.6 1 0
github.com/vitwit/avail-da-module/types/vote_extensions.pb.go:237.5,240.17 4 0
github.com/vitwit/avail-da-module/types/vote_extensions.pb.go:240.17,241.11 1 0
github.com/vitwit/avail-da-module/types/vote_extensions.pb.go:244.4,244.18 1 0
github.com/vitwit/avail-da-module/types/vote_extensions.pb.go:244.18,246.5 1 0
github.com/vitwit/avail-da-module/types/vote_extensions.pb.go:247.4,248.21 2 0
github.com/vitwit/avail-da-module/types/vote_extensions.pb.go:248.21,250.5 1 0
github.com/vitwit/avail-da-module/types/vote_extensions.pb.go:251.4,251.21 1 0
github.com/vitwit/avail-da-module/types/vote_extensions.pb.go:251.21,253.5 1 0
github.com/vitwit/avail-da-module/types/vote_extensions.pb.go:254.4,254.22 1 0
github.com/vitwit/avail-da-module/types/vote_extensions.pb.go:254.22,256.5 1 0
github.com/vitwit/avail-da-module/types/vote_extensions.pb.go:257.4,257.67 1 0
github.com/vitwit/avail-da-module/types/vote_extensions.pb.go:257.67,259.5 1 0
github.com/vitwit/avail-da-module/types/vote_extensions.pb.go:260.4,260.21 1 0
github.com/vitwit/avail-da-module/types/vote_extensions.pb.go:261.11,264.18 3 0
github.com/vitwit/avail-da-module/types/vote_extensions.pb.go:264.18,266.5 1 0
github.com/vitwit/avail-da-module/types/vote_extensions.pb.go:267.4,267.42 1 0
github.com/vitwit/avail-da-module/types/vote_extensions.pb.go:267.42,269.5 1 0
github.com/vitwit/avail-da-module/types/vote_extensions.pb.go:270.4,270.28 1 0
github.com/vitwit/avail-da-module/types/vote_extensions.pb.go:270.28,272.5 1 0
github.com/vitwit/avail-da-module/types/vote_extensions.pb.go:273.4,273.19 1 0
github.com/vitwit/avail-da-module/types/vote_extensions.pb.go:277.2,277.15 1 0
github.com/vitwit/avail-da-module/types/vote_extensions.pb.go:277.15,279.3 1 0
github.com/vitwit/avail-da-module/types/vote_extensions.pb.go:280.2,280.12 1 0
github.com/vitwit/avail-da-module/types/vote_extensions.pb.go:282.57,286.16 4 0
github.com/vitwit/avail-da-module/types/vote_extensions.pb.go:286.16,288.38 2 0
github.com/vitwit/avail-da-module/types/vote_extensions.pb.go:288.38,289.19 1 0
github.com/vitwit/avail-da-module/types/vote_extensions.pb.go:289.19,291.5 1 0
github.com/vitwit/avail-da-module/types/vote_extensions.pb.go:292.4,292.18 1 0
github.com/vitwit/avail-da-module/types/vote_extensions.pb.go:292.18,294.5 1 0
github.com/vitwit/avail-da-module/types/vote_extensions.pb.go:295.4,298.16 4 0
github.com/vitwit/avail-da-module/types/vote_extensions.pb.go:298.16,299.10 1 0
github.com/vitwit/avail-da-module/types/vote_extensions.pb.go:302.3,303.19 2 0
github.com/vitwit/avail-da-module/types/vote_extensions.pb.go:304.10,305.39 1 0
github.com/vitwit/avail-da-module/types/vote_extensions.pb.go:305.39,306.20 1 0
github.com/vitwit/avail-da-module/types/vote_extensions.pb.go:306.20,308.6 1 0
github.com/vitwit/avail-da-module/types/vote_extensions.pb.go:309.5,309.19 1 0
github.com/vitwit/avail-da-module/types/vote_extensions.pb.go:309.19,311.6 1 0
github.com/vitwit/avail-da-module/types/vote_extensions.pb.go:312.5,313.29 2 0
github.com/vitwit/avail-da-module/types/vote_extensions.pb.go:313.29,314.11 1 0
github.com/vitwit/avail-da-module/types/vote_extensions.pb.go:317.10,318.14 1 0
github.com/vitwit/avail-da-module/types/vote_extensions.pb.go:319.10,321.39 2 0
github.com/vitwit/avail-da-module/types/vote_extensions.pb.go:321.39,322.20 1 0
github.com/vitwit/avail-da-module/types/vote_extensions.pb.go:322.20,324.6 1 0
github.com/vitwit/avail-da-module/types/vote_extensions.pb.go:325.5,325.19 1 0
github.com/vitwit/avail-da-module/types/vote_extensions.pb.go:325.19,327.6 1 0
github.com/vitwit/avail-da-module/types/vote_extensions.pb.go:328.5,331.17 4 0
github.com/vitwit/avail-da-module/types/vote_extensions.pb.go:331.17,332.11 1 0
github.com/vitwit/avail-da-module/types/vote_extensions.pb.go:335.4,335.18 1 0
github.com/vitwit/avail-da-module/types/vote_extensions.pb.go:335.18,337.5 1 0
github.com/vitwit/avail-da-module/types/vote_extensions.pb.go:338.4,338.19 1 0
github.com/vitwit/avail-da-module/types/vote_extensions.pb.go:339.10,340.11 1 0
github.com/vitwit/avail-da-module/types/vote_extensions.pb.go:341.10,342.18 1 0
github.com/vitwit/avail-da-module/types/vote_extensions.pb.go:342.18,344.5 1 0
github.com/vitwit/avail-da-module/types/vote_extensions.pb.go:345.4,345.11 1 0
github.com/vitwit/avail-da-module/types/vote_extensions.pb.go:346.10,347.14 1 0
github.com/vitwit/avail-da-module/types/vote_extensions.pb.go:348.11,349.64 1 0
github.com/vitwit/avail-da-module/types/vote_extensions.pb.go:351.3,351.16 1 0
github.com/vitwit/avail-da-module/types/vote_extensions.pb.go:351.16,353.4 1 0
github.com/vitwit/avail-da-module/types/vote_extensions.pb.go:354.3,354.17 1 0
github.com/vitwit/avail-da-module/types/vote_extensions.pb.go:354.17,356.4 1 0
github.com/vitwit/avail-da-module/types/vote_extensions.pb.go:358.2,358.31 1 0
